<!DOCTYPE html>

<html>
  <head>
  <meta charset='utf-8'>
  <title>TestNG reports</title>

    <link type="text/css" href="testng-reports1.css" rel="stylesheet" id="ultra" />
    <link type="text/css" href="testng-reports.css" rel="stylesheet" id="retro" disabled="false"/>
    <script type="text/javascript" src="jquery-3.6.0.min.js"></script>
    <script type="text/javascript" src="testng-reports.js"></script>
    <script type="text/javascript" src="https://www.google.com/jsapi"></script>
    <script type='text/javascript'>
      google.load('visualization', '1', {packages:['table']});
      google.setOnLoadCallback(drawTable);
      var suiteTableInitFunctions = new Array();
      var suiteTableData = new Array();
    </script>
    <!--
      <script type="text/javascript" src="jquery-ui/js/jquery-ui-1.8.16.custom.min.js"></script>
     -->
  </head>

  <body>    <div class="top-banner-root">
      <span class="top-banner-title-font">Test results</span>
      <button id="button" class="button">Switch Retro Theme</button> <!-- button -->
      <br/>
      <span class="top-banner-font-1">1 suite, 11 failed tests</span>
    </div> <!-- top-banner-root -->
    <div class="navigator-root">
      <div class="navigator-suite-header">
        <span>All suites</span>
        <a href="#" title="Collapse/expand all the suites" class="collapse-all-link">
          <img src="collapseall.gif" class="collapse-all-icon">
          </img> <!-- collapse-all-icon -->
        </a> <!-- collapse-all-link -->
      </div> <!-- navigator-suite-header -->
      <div class="suite">
        <div class="rounded-window">
          <div class="suite-header light-rounded-window-top">
            <a href="#" panel-name="suite-Suite" class="navigator-link">
              <span class="suite-name border-failed">Suite</span>
            </a> <!-- navigator-link -->
          </div> <!-- suite-header light-rounded-window-top -->
          <div class="navigator-suite-content">
            <div class="suite-section-title">
              <span>Info</span>
            </div> <!-- suite-section-title -->
            <div class="suite-section-content">
              <ul>
                <li>
                  <a href="#" panel-name="test-xml-Suite" class="navigator-link ">
                    <span>web.xml</span>
                  </a> <!-- navigator-link  -->
                </li>
                <li>
                  <a href="#" panel-name="testlist-Suite" class="navigator-link ">
                    <span class="test-stats">1 test</span>
                  </a> <!-- navigator-link  -->
                </li>
                <li>
                  <a href="#" panel-name="group-Suite" class="navigator-link ">
                    <span>0 groups</span>
                  </a> <!-- navigator-link  -->
                </li>
                <li>
                  <a href="#" panel-name="times-Suite" class="navigator-link ">
                    <span>Times</span>
                  </a> <!-- navigator-link  -->
                </li>
                <li>
                  <a href="#" panel-name="reporter-Suite" class="navigator-link ">
                    <span>Reporter output</span>
                  </a> <!-- navigator-link  -->
                </li>
                <li>
                  <a href="#" panel-name="ignored-methods-Suite" class="navigator-link ">
                    <span>Ignored methods</span>
                  </a> <!-- navigator-link  -->
                </li>
                <li>
                  <a href="#" panel-name="chronological-Suite" class="navigator-link ">
                    <span>Chronological view</span>
                  </a> <!-- navigator-link  -->
                </li>
              </ul>
            </div> <!-- suite-section-content -->
            <div class="result-section">
              <div class="suite-section-title">
                <span>Results</span>
              </div> <!-- suite-section-title -->
              <div class="suite-section-content">
                <ul>
                  <li>
                    <span class="method-stats">27 methods, 11 failed,   16 passed</span>
                  </li>
                  <li>
                    <span class="method-list-title failed">Failed methods</span>
                    <span class="show-or-hide-methods failed">
                      <a href="#" panel-name="suite-Suite" class="hide-methods failed suite-Suite"> (hide)</a> <!-- hide-methods failed suite-Suite -->
                      <a href="#" panel-name="suite-Suite" class="show-methods failed suite-Suite"> (show)</a> <!-- show-methods failed suite-Suite -->
                    </span>
                    <div class="method-list-content failed suite-Suite">
                      <span>
                        <img src="failed.png" width="3%"/>
                        <a href="#" panel-name="suite-Suite" title="com.demo.testcases.web.WebAppointmentCFDTest" class="method navigator-link" hash-for-method="appointment_for_existing_patient">appointment_for_existing_patient</a> <!-- method navigator-link -->
                      </span>
                      <br/>
                      <span>
                        <img src="failed.png" width="3%"/>
                        <a href="#" panel-name="suite-Suite" title="com.demo.testcases.web.WebAppointmentCFDTest" class="method navigator-link" hash-for-method="diagnosis_tab_add_cfd">diagnosis_tab_add_cfd</a> <!-- method navigator-link -->
                      </span>
                      <br/>
                      <span>
                        <img src="failed.png" width="3%"/>
                        <a href="#" panel-name="suite-Suite" title="com.demo.testcases.web.WebAppointmentCFDTest" class="method navigator-link" hash-for-method="open_created_appointment">open_created_appointment</a> <!-- method navigator-link -->
                      </span>
                      <br/>
                      <span>
                        <img src="failed.png" width="3%"/>
                        <a href="#" panel-name="suite-Suite" title="com.demo.testcases.web.WebAppointmentPrescriptionPageTest" class="method navigator-link" hash-for-method="search_drugs">search_drugs</a> <!-- method navigator-link -->
                      </span>
                      <br/>
                      <span>
                        <img src="failed.png" width="3%"/>
                        <a href="#" panel-name="suite-Suite" title="com.demo.testcases.web.WebAppointmentInstructionsPageTest" class="method navigator-link" hash-for-method="search_procedure">search_procedure</a> <!-- method navigator-link -->
                      </span>
                      <br/>
                      <span>
                        <img src="failed.png" width="3%"/>
                        <a href="#" panel-name="suite-Suite" title="com.demo.testcases.web.WebAppointmentCFDTest" class="method navigator-link" hash-for-method="verify_20_popular_diagnosis">verify_20_popular_diagnosis</a> <!-- method navigator-link -->
                      </span>
                      <br/>
                      <span>
                        <img src="failed.png" width="3%"/>
                        <a href="#" panel-name="suite-Suite" title="com.demo.testcases.web.WebAppointmentPrescriptionPageTest" class="method navigator-link" hash-for-method="verify_20_popular_drugs">verify_20_popular_drugs</a> <!-- method navigator-link -->
                      </span>
                      <br/>
                      <span>
                        <img src="failed.png" width="3%"/>
                        <a href="#" panel-name="suite-Suite" title="com.demo.testcases.web.WebAppointmentPrescriptionPageTest" class="method navigator-link" hash-for-method="verify_created_drug_is_added">verify_created_drug_is_added</a> <!-- method navigator-link -->
                      </span>
                      <br/>
                      <span>
                        <img src="failed.png" width="3%"/>
                        <a href="#" panel-name="suite-Suite" title="com.demo.testcases.web.WebAppointmentCFDTest" class="method navigator-link" hash-for-method="verify_disabled_slot">verify_disabled_slot</a> <!-- method navigator-link -->
                      </span>
                      <br/>
                      <span>
                        <img src="failed.png" width="3%"/>
                        <a href="#" panel-name="suite-Suite" title="com.demo.testcases.web.WebAppointmentSummaryPageTest" class="method navigator-link" hash-for-method="verify_record_is_printed">verify_record_is_printed</a> <!-- method navigator-link -->
                      </span>
                      <br/>
                      <span>
                        <img src="failed.png" width="3%"/>
                        <a href="#" panel-name="suite-Suite" title="com.demo.testcases.web.WebAppointmentPrescriptionPageTest" class="method navigator-link" hash-for-method="verify_same_drug_cannot_be_added_twice">verify_same_drug_cannot_be_added_twice</a> <!-- method navigator-link -->
                      </span>
                      <br/>
                    </div> <!-- method-list-content failed suite-Suite -->
                  </li>
                  <li>
                    <span class="method-list-title passed">Passed methods</span>
                    <span class="show-or-hide-methods passed">
                      <a href="#" panel-name="suite-Suite" class="hide-methods passed suite-Suite"> (hide)</a> <!-- hide-methods passed suite-Suite -->
                      <a href="#" panel-name="suite-Suite" class="show-methods passed suite-Suite"> (show)</a> <!-- show-methods passed suite-Suite -->
                    </span>
                    <div class="method-list-content passed suite-Suite">
                      <span>
                        <img src="passed.png" width="3%"/>
                        <a href="#" panel-name="suite-Suite" title="com.demo.testcases.web.WebAppointmentPrescriptionPageTest" class="method navigator-link" hash-for-method="add_new_drug_form_details">add_new_drug_form_details</a> <!-- method navigator-link -->
                      </span>
                      <br/>
                      <span>
                        <img src="passed.png" width="3%"/>
                        <a href="#" panel-name="suite-Suite" title="com.demo.testcases.web.WebAppointmentCFDTest" class="method navigator-link" hash-for-method="add_popular_diagnosis">add_popular_diagnosis</a> <!-- method navigator-link -->
                      </span>
                      <br/>
                      <span>
                        <img src="passed.png" width="3%"/>
                        <a href="#" panel-name="suite-Suite" title="com.demo.testcases.web.WebAppointmentInstructionsPageTest" class="method navigator-link" hash-for-method="create_new_test_inst_procedure">create_new_test_inst_procedure</a> <!-- method navigator-link -->
                      </span>
                      <br/>
                      <span>
                        <img src="passed.png" width="3%"/>
                        <a href="#" panel-name="suite-Suite" title="com.demo.testcases.web.WebAppointmentPrescriptionPageTest" class="method navigator-link" hash-for-method="delete_all_added_drugs">delete_all_added_drugs</a> <!-- method navigator-link -->
                      </span>
                      <br/>
                      <span>
                        <img src="passed.png" width="3%"/>
                        <a href="#" panel-name="suite-Suite" title="com.demo.testcases.web.WebAppointmentCFDTest" class="method navigator-link" hash-for-method="diagnosis_tab_verify_added_cfd">diagnosis_tab_verify_added_cfd</a> <!-- method navigator-link -->
                      </span>
                      <br/>
                      <span>
                        <img src="passed.png" width="3%"/>
                        <a href="#" panel-name="suite-Suite" title="com.demo.testcases.web.WebAppointmentInstructionsPageTest" class="method navigator-link" hash-for-method="instructions_tab">instructions_tab</a> <!-- method navigator-link -->
                      </span>
                      <br/>
                      <span>
                        <img src="passed.png" width="3%"/>
                        <a href="#" panel-name="suite-Suite" title="com.demo.testcases.web.WebLoginTest" class="method navigator-link" hash-for-method="login">login</a> <!-- method navigator-link -->
                      </span>
                      <br/>
                      <span>
                        <img src="passed.png" width="3%"/>
                        <a href="#" panel-name="suite-Suite" title="com.demo.testcases.web.WebAppointmentPrescriptionPageTest" class="method navigator-link" hash-for-method="prescription_tab">prescription_tab</a> <!-- method navigator-link -->
                      </span>
                      <br/>
                      <span>
                        <img src="passed.png" width="3%"/>
                        <a href="#" panel-name="suite-Suite" title="com.demo.testcases.web.WebAppointmentInstructionsPageTest" class="method navigator-link" hash-for-method="search_instruction">search_instruction</a> <!-- method navigator-link -->
                      </span>
                      <br/>
                      <span>
                        <img src="passed.png" width="3%"/>
                        <a href="#" panel-name="suite-Suite" title="com.demo.testcases.web.WebAppointmentInstructionsPageTest" class="method navigator-link" hash-for-method="search_test">search_test</a> <!-- method navigator-link -->
                      </span>
                      <br/>
                      <span>
                        <img src="passed.png" width="3%"/>
                        <a href="#" panel-name="suite-Suite" title="com.demo.testcases.web.WebAppointmentSummaryPageTest" class="method navigator-link" hash-for-method="summary_tab">summary_tab</a> <!-- method navigator-link -->
                      </span>
                      <br/>
                      <span>
                        <img src="passed.png" width="3%"/>
                        <a href="#" panel-name="suite-Suite" title="com.demo.testcases.web.WebAppointmentCFDTest" class="method navigator-link" hash-for-method="verify_booked_slot">verify_booked_slot</a> <!-- method navigator-link -->
                      </span>
                      <br/>
                      <span>
                        <img src="passed.png" width="3%"/>
                        <a href="#" panel-name="suite-Suite" title="com.demo.testcases.web.WebAppointmentSummaryPageTest" class="method navigator-link" hash-for-method="verify_dagnosis">verify_dagnosis</a> <!-- method navigator-link -->
                      </span>
                      <br/>
                      <span>
                        <img src="passed.png" width="3%"/>
                        <a href="#" panel-name="suite-Suite" title="com.demo.testcases.web.WebAppointmentPrescriptionPageTest" class="method navigator-link" hash-for-method="verify_delete_icon_for_added_drugs">verify_delete_icon_for_added_drugs</a> <!-- method navigator-link -->
                      </span>
                      <br/>
                      <span>
                        <img src="passed.png" width="3%"/>
                        <a href="#" panel-name="suite-Suite" title="com.demo.testcases.web.WebAppointmentSummaryPageTest" class="method navigator-link" hash-for-method="verify_drug">verify_drug</a> <!-- method navigator-link -->
                      </span>
                      <br/>
                      <span>
                        <img src="passed.png" width="3%"/>
                        <a href="#" panel-name="suite-Suite" title="com.demo.testcases.web.WebAppointmentSummaryPageTest" class="method navigator-link" hash-for-method="verify_record_is_saved">verify_record_is_saved</a> <!-- method navigator-link -->
                      </span>
                      <br/>
                    </div> <!-- method-list-content passed suite-Suite -->
                  </li>
                </ul>
              </div> <!-- suite-section-content -->
            </div> <!-- result-section -->
          </div> <!-- navigator-suite-content -->
        </div> <!-- rounded-window -->
      </div> <!-- suite -->
    </div> <!-- navigator-root -->
    <div class="wrapper">
      <div class="main-panel-root">
        <div panel-name="suite-Suite" class="panel Suite">
          <div class="suite-Suite-class-failed">
            <div class="main-panel-header rounded-window-top">
              <img src="failed.png"/>
              <span class="class-name">com.demo.testcases.web.WebAppointmentCFDTest</span>
            </div> <!-- main-panel-header rounded-window-top -->
            <div class="main-panel-content rounded-window-bottom">
              <div class="method">
                <div class="method-content">
                  <a name="appointment_for_existing_patient">
                  </a> <!-- appointment_for_existing_patient -->
                  <span class="method-name">appointment_for_existing_patient</span>
                  <div class="stack-trace">org.openqa.selenium.NoSuchElementException: no such element: Unable to locate element: {&quot;method&quot;:&quot;css selector&quot;,&quot;selector&quot;:&quot;*[name=&apos;mobile&apos;]&quot;}
  (Session info: chrome=111.0.5563.146)
For documentation on this error, please visit: https://selenium.dev/exceptions/#no_such_element
Build info: version: &apos;4.9.0&apos;, revision: &apos;d7057100a6&apos;
System info: os.name: &apos;Linux&apos;, os.arch: &apos;amd64&apos;, os.version: &apos;5.14.0-1059-oem&apos;, java.version: &apos;17.0.5&apos;
Driver info: org.openqa.selenium.chrome.ChromeDriver
Command: [1e851ee48bbea848898ee64d4eacb9a9, findElement {using=name, value=mobile}]
Capabilities {acceptInsecureCerts: false, browserName: chrome, browserVersion: 111.0.5563.146, chrome: {chromedriverVersion: 110.0.5481.77 (65ed616c6e8e..., userDataDir: /tmp/.com.google.Chrome.3Pwhqg}, goog:chromeOptions: {debuggerAddress: localhost:45525}, networkConnectionEnabled: false, pageLoadStrategy: normal, platformName: LINUX, proxy: Proxy(), se:cdp: ws://localhost:45525/devtoo..., se:cdpVersion: 111.0.5563.146, setWindowRect: true, strictFileInteractability: false, timeouts: {implicit: 0, pageLoad: 300000, script: 30000}, unhandledPromptBehavior: dismiss and notify, webauthn:extension:credBlob: true, webauthn:extension:largeBlob: true, webauthn:virtualAuthenticators: true}
Session ID: 1e851ee48bbea848898ee64d4eacb9a9
	at org.openqa.selenium.remote.codec.w3c.W3CHttpResponseCodec.createException(W3CHttpResponseCodec.java:200)
	at org.openqa.selenium.remote.codec.w3c.W3CHttpResponseCodec.decode(W3CHttpResponseCodec.java:133)
	at org.openqa.selenium.remote.codec.w3c.W3CHttpResponseCodec.decode(W3CHttpResponseCodec.java:53)
	at org.openqa.selenium.remote.HttpCommandExecutor.execute(HttpCommandExecutor.java:193)
	at org.openqa.selenium.remote.service.DriverCommandExecutor.invokeExecute(DriverCommandExecutor.java:183)
	at org.openqa.selenium.remote.service.DriverCommandExecutor.execute(DriverCommandExecutor.java:158)
	at org.openqa.selenium.remote.RemoteWebDriver.execute(RemoteWebDriver.java:543)
	at org.openqa.selenium.remote.ElementLocation$ElementFinder$2.findElement(ElementLocation.java:162)
	at org.openqa.selenium.remote.ElementLocation.findElement(ElementLocation.java:66)
	at org.openqa.selenium.remote.RemoteWebDriver.findElement(RemoteWebDriver.java:352)
	at org.openqa.selenium.remote.RemoteWebDriver.findElement(RemoteWebDriver.java:344)
	at org.openqa.selenium.support.pagefactory.DefaultElementLocator.findElement(DefaultElementLocator.java:70)
	at org.openqa.selenium.support.pagefactory.internal.LocatingElementHandler.invoke(LocatingElementHandler.java:39)
	at jdk.proxy2/jdk.proxy2.$Proxy17.sendKeys(Unknown Source)
	at com.demo.utilities.WebUtilities.sendkeys(WebUtilities.java:19)
	at com.demo.actions.web.HomePage.enter_mobile_no(HomePage.java:114)
	at com.demo.testcases.web.WebAppointmentCFDTest.appointment_for_existing_patient(WebAppointmentCFDTest.java:25)
	at java.base/java.util.ArrayList.forEach(ArrayList.java:1511)
... Removed 32 stack frames
</div> <!-- stack-trace -->
                  <em>
(Verify doctor's should be able to create appointment for the available appointment slot.)                  </em>
                </div> <!-- method-content -->
              </div> <!-- method -->
              <div class="method">
                <div class="method-content">
                  <a name="diagnosis_tab_add_cfd">
                  </a> <!-- diagnosis_tab_add_cfd -->
                  <span class="method-name">diagnosis_tab_add_cfd</span>
                  <div class="stack-trace">org.openqa.selenium.NoSuchElementException: no such element: Unable to locate element: {&quot;method&quot;:&quot;xpath&quot;,&quot;selector&quot;:&quot;//label[@class=&apos;item item-input&apos;]/input&quot;}
  (Session info: chrome=111.0.5563.146)
For documentation on this error, please visit: https://selenium.dev/exceptions/#no_such_element
Build info: version: &apos;4.9.0&apos;, revision: &apos;d7057100a6&apos;
System info: os.name: &apos;Linux&apos;, os.arch: &apos;amd64&apos;, os.version: &apos;5.14.0-1059-oem&apos;, java.version: &apos;17.0.5&apos;
Driver info: org.openqa.selenium.chrome.ChromeDriver
Command: [1e851ee48bbea848898ee64d4eacb9a9, findElement {using=xpath, value=//label[@class=&apos;item item-input&apos;]/input}]
Capabilities {acceptInsecureCerts: false, browserName: chrome, browserVersion: 111.0.5563.146, chrome: {chromedriverVersion: 110.0.5481.77 (65ed616c6e8e..., userDataDir: /tmp/.com.google.Chrome.3Pwhqg}, goog:chromeOptions: {debuggerAddress: localhost:45525}, networkConnectionEnabled: false, pageLoadStrategy: normal, platformName: LINUX, proxy: Proxy(), se:cdp: ws://localhost:45525/devtoo..., se:cdpVersion: 111.0.5563.146, setWindowRect: true, strictFileInteractability: false, timeouts: {implicit: 0, pageLoad: 300000, script: 30000}, unhandledPromptBehavior: dismiss and notify, webauthn:extension:credBlob: true, webauthn:extension:largeBlob: true, webauthn:virtualAuthenticators: true}
Session ID: 1e851ee48bbea848898ee64d4eacb9a9
	at org.openqa.selenium.remote.codec.w3c.W3CHttpResponseCodec.createException(W3CHttpResponseCodec.java:200)
	at org.openqa.selenium.remote.codec.w3c.W3CHttpResponseCodec.decode(W3CHttpResponseCodec.java:133)
	at org.openqa.selenium.remote.codec.w3c.W3CHttpResponseCodec.decode(W3CHttpResponseCodec.java:53)
	at org.openqa.selenium.remote.HttpCommandExecutor.execute(HttpCommandExecutor.java:193)
	at org.openqa.selenium.remote.service.DriverCommandExecutor.invokeExecute(DriverCommandExecutor.java:183)
	at org.openqa.selenium.remote.service.DriverCommandExecutor.execute(DriverCommandExecutor.java:158)
	at org.openqa.selenium.remote.RemoteWebDriver.execute(RemoteWebDriver.java:543)
	at org.openqa.selenium.remote.ElementLocation$ElementFinder$2.findElement(ElementLocation.java:162)
	at org.openqa.selenium.remote.ElementLocation.findElement(ElementLocation.java:60)
	at org.openqa.selenium.remote.RemoteWebDriver.findElement(RemoteWebDriver.java:352)
	at org.openqa.selenium.remote.RemoteWebDriver.findElement(RemoteWebDriver.java:344)
	at org.openqa.selenium.support.pagefactory.DefaultElementLocator.findElement(DefaultElementLocator.java:70)
	at org.openqa.selenium.support.pagefactory.internal.LocatingElementHandler.invoke(LocatingElementHandler.java:39)
	at jdk.proxy2/jdk.proxy2.$Proxy17.sendKeys(Unknown Source)
	at com.demo.utilities.WebUtilities.sendkeys(WebUtilities.java:19)
	at com.demo.actions.web.CFDPage.search_diagnosis(CFDPage.java:113)
	at com.demo.testcases.web.WebAppointmentCFDTest.diagnosis_tab_add_cfd(WebAppointmentCFDTest.java:74)
	at java.base/java.util.ArrayList.forEach(ArrayList.java:1511)
... Removed 32 stack frames
</div> <!-- stack-trace -->
                </div> <!-- method-content -->
              </div> <!-- method -->
              <div class="method">
                <div class="method-content">
                  <a name="open_created_appointment">
                  </a> <!-- open_created_appointment -->
                  <span class="method-name">open_created_appointment</span>
                  <div class="stack-trace">org.openqa.selenium.ElementNotInteractableException: element not interactable: element has zero size
  (Session info: chrome=111.0.5563.146)
Build info: version: &apos;4.9.0&apos;, revision: &apos;d7057100a6&apos;
System info: os.name: &apos;Linux&apos;, os.arch: &apos;amd64&apos;, os.version: &apos;5.14.0-1059-oem&apos;, java.version: &apos;17.0.5&apos;
Driver info: org.openqa.selenium.chrome.ChromeDriver
Command: [1e851ee48bbea848898ee64d4eacb9a9, clickElement {id=3f8d6d37-dfe2-444e-b8da-47be6492619c}]
Capabilities {acceptInsecureCerts: false, browserName: chrome, browserVersion: 111.0.5563.146, chrome: {chromedriverVersion: 110.0.5481.77 (65ed616c6e8e..., userDataDir: /tmp/.com.google.Chrome.3Pwhqg}, goog:chromeOptions: {debuggerAddress: localhost:45525}, networkConnectionEnabled: false, pageLoadStrategy: normal, platformName: LINUX, proxy: Proxy(), se:cdp: ws://localhost:45525/devtoo..., se:cdpVersion: 111.0.5563.146, setWindowRect: true, strictFileInteractability: false, timeouts: {implicit: 0, pageLoad: 300000, script: 30000}, unhandledPromptBehavior: dismiss and notify, webauthn:extension:credBlob: true, webauthn:extension:largeBlob: true, webauthn:virtualAuthenticators: true}
Element: [[ChromeDriver: chrome on LINUX (1e851ee48bbea848898ee64d4eacb9a9)] -&gt; xpath: (//div[contains(@class,&quot;panel-body&quot;)])[5]]
Session ID: 1e851ee48bbea848898ee64d4eacb9a9
	at org.openqa.selenium.remote.codec.w3c.W3CHttpResponseCodec.createException(W3CHttpResponseCodec.java:200)
	at org.openqa.selenium.remote.codec.w3c.W3CHttpResponseCodec.decode(W3CHttpResponseCodec.java:133)
	at org.openqa.selenium.remote.codec.w3c.W3CHttpResponseCodec.decode(W3CHttpResponseCodec.java:53)
	at org.openqa.selenium.remote.HttpCommandExecutor.execute(HttpCommandExecutor.java:193)
	at org.openqa.selenium.remote.service.DriverCommandExecutor.invokeExecute(DriverCommandExecutor.java:183)
	at org.openqa.selenium.remote.service.DriverCommandExecutor.execute(DriverCommandExecutor.java:158)
	at org.openqa.selenium.remote.RemoteWebDriver.execute(RemoteWebDriver.java:543)
	at org.openqa.selenium.remote.RemoteWebElement.execute(RemoteWebElement.java:257)
	at org.openqa.selenium.remote.RemoteWebElement.click(RemoteWebElement.java:78)
	at com.demo.actions.web.HomePage.select_created_appointment(HomePage.java:204)
	at com.demo.testcases.web.WebAppointmentCFDTest.open_created_appointment(WebAppointmentCFDTest.java:49)
	at java.base/java.util.ArrayList.forEach(ArrayList.java:1511)
... Removed 32 stack frames
</div> <!-- stack-trace -->
                </div> <!-- method-content -->
              </div> <!-- method -->
              <div class="method">
                <div class="method-content">
                  <a name="verify_20_popular_diagnosis">
                  </a> <!-- verify_20_popular_diagnosis -->
                  <span class="method-name">verify_20_popular_diagnosis</span>
                  <div class="stack-trace">org.openqa.selenium.StaleElementReferenceException: stale element reference: element is not attached to the page document
  (Session info: chrome=111.0.5563.146)
For documentation on this error, please visit: https://selenium.dev/exceptions/#stale_element_reference
Build info: version: &apos;4.9.0&apos;, revision: &apos;d7057100a6&apos;
System info: os.name: &apos;Linux&apos;, os.arch: &apos;amd64&apos;, os.version: &apos;5.14.0-1059-oem&apos;, java.version: &apos;17.0.5&apos;
Driver info: org.openqa.selenium.chrome.ChromeDriver
Command: [1e851ee48bbea848898ee64d4eacb9a9, isElementDisplayed {id=cf0fbb55-30ba-4252-96c4-3fb6c7ab5422}]
Capabilities {acceptInsecureCerts: false, browserName: chrome, browserVersion: 111.0.5563.146, chrome: {chromedriverVersion: 110.0.5481.77 (65ed616c6e8e..., userDataDir: /tmp/.com.google.Chrome.3Pwhqg}, goog:chromeOptions: {debuggerAddress: localhost:45525}, networkConnectionEnabled: false, pageLoadStrategy: normal, platformName: LINUX, proxy: Proxy(), se:cdp: ws://localhost:45525/devtoo..., se:cdpVersion: 111.0.5563.146, setWindowRect: true, strictFileInteractability: false, timeouts: {implicit: 0, pageLoad: 300000, script: 30000}, unhandledPromptBehavior: dismiss and notify, webauthn:extension:credBlob: true, webauthn:extension:largeBlob: true, webauthn:virtualAuthenticators: true}
Element: [[ChromeDriver: chrome on LINUX (1e851ee48bbea848898ee64d4eacb9a9)] -&gt; xpath: //div[@ng-repeat=&quot;result in vm.search_results&quot;]/a]
Session ID: 1e851ee48bbea848898ee64d4eacb9a9
	at org.openqa.selenium.remote.codec.w3c.W3CHttpResponseCodec.createException(W3CHttpResponseCodec.java:200)
	at org.openqa.selenium.remote.codec.w3c.W3CHttpResponseCodec.decode(W3CHttpResponseCodec.java:133)
	at org.openqa.selenium.remote.codec.w3c.W3CHttpResponseCodec.decode(W3CHttpResponseCodec.java:53)
	at org.openqa.selenium.remote.HttpCommandExecutor.execute(HttpCommandExecutor.java:193)
	at org.openqa.selenium.remote.service.DriverCommandExecutor.invokeExecute(DriverCommandExecutor.java:183)
	at org.openqa.selenium.remote.service.DriverCommandExecutor.execute(DriverCommandExecutor.java:158)
	at org.openqa.selenium.remote.RemoteWebDriver.execute(RemoteWebDriver.java:543)
	at org.openqa.selenium.remote.RemoteWebElement.execute(RemoteWebElement.java:257)
	at org.openqa.selenium.remote.RemoteWebElement.isDisplayed(RemoteWebElement.java:313)
	at org.openqa.selenium.support.ui.ExpectedConditions.elementIfVisible(ExpectedConditions.java:307)
	at org.openqa.selenium.support.ui.ExpectedConditions.access$000(ExpectedConditions.java:40)
	at org.openqa.selenium.support.ui.ExpectedConditions$10.apply(ExpectedConditions.java:293)
	at org.openqa.selenium.support.ui.ExpectedConditions$10.apply(ExpectedConditions.java:290)
	at org.openqa.selenium.support.ui.FluentWait.until(FluentWait.java:208)
	at com.demo.utilities.WebUtilities.fluent_wait(WebUtilities.java:56)
	at com.demo.actions.web.CFDPage.verify_popular_diagnosis(CFDPage.java:63)
	at com.demo.testcases.web.WebAppointmentCFDTest.verify_20_popular_diagnosis(WebAppointmentCFDTest.java:55)
	at java.base/java.util.ArrayList.forEach(ArrayList.java:1511)
... Removed 32 stack frames
</div> <!-- stack-trace -->
                </div> <!-- method-content -->
              </div> <!-- method -->
              <div class="method">
                <div class="method-content">
                  <a name="verify_disabled_slot">
                  </a> <!-- verify_disabled_slot -->
                  <span class="method-name">verify_disabled_slot</span>
                  <div class="stack-trace">java.time.format.DateTimeParseException: Text &apos;16:54 pm&apos; could not be parsed, unparsed text found at index 5
	at java.base/java.time.format.DateTimeFormatter.parseResolved0(DateTimeFormatter.java:2055)
	at java.base/java.time.format.DateTimeFormatter.parse(DateTimeFormatter.java:1954)
	at java.base/java.time.LocalTime.parse(LocalTime.java:465)
	at java.base/java.time.LocalTime.parse(LocalTime.java:450)
	at com.demo.actions.web.HomePage.verify_diabled_slot(HomePage.java:138)
	at com.demo.testcases.web.WebAppointmentCFDTest.verify_disabled_slot(WebAppointmentCFDTest.java:42)
	at java.base/java.util.ArrayList.forEach(ArrayList.java:1511)
... Removed 27 stack frames
</div> <!-- stack-trace -->
                  <em>
(Verify if appointment slot is expired slot should be disable for appointment creation & doctor shouldn't able to create appointment for the same expired slot .)                  </em>
                </div> <!-- method-content -->
              </div> <!-- method -->
            </div> <!-- main-panel-content rounded-window-bottom -->
          </div> <!-- suite-Suite-class-failed -->
          <div class="suite-Suite-class-failed">
            <div class="main-panel-header rounded-window-top">
              <img src="failed.png"/>
              <span class="class-name">com.demo.testcases.web.WebAppointmentInstructionsPageTest</span>
            </div> <!-- main-panel-header rounded-window-top -->
            <div class="main-panel-content rounded-window-bottom">
              <div class="method">
                <div class="method-content">
                  <a name="search_procedure">
                  </a> <!-- search_procedure -->
                  <span class="method-name">search_procedure</span>
                  <div class="stack-trace">org.openqa.selenium.StaleElementReferenceException: stale element reference: element is not attached to the page document
  (Session info: chrome=111.0.5563.146)
For documentation on this error, please visit: https://selenium.dev/exceptions/#stale_element_reference
Build info: version: &apos;4.9.0&apos;, revision: &apos;d7057100a6&apos;
System info: os.name: &apos;Linux&apos;, os.arch: &apos;amd64&apos;, os.version: &apos;5.14.0-1059-oem&apos;, java.version: &apos;17.0.5&apos;
Driver info: org.openqa.selenium.chrome.ChromeDriver
Command: [1e851ee48bbea848898ee64d4eacb9a9, isElementDisplayed {id=7e539e7f-0b51-46c9-8d7b-3aa4a07ff62f}]
Capabilities {acceptInsecureCerts: false, browserName: chrome, browserVersion: 111.0.5563.146, chrome: {chromedriverVersion: 110.0.5481.77 (65ed616c6e8e..., userDataDir: /tmp/.com.google.Chrome.3Pwhqg}, goog:chromeOptions: {debuggerAddress: localhost:45525}, networkConnectionEnabled: false, pageLoadStrategy: normal, platformName: LINUX, proxy: Proxy(), se:cdp: ws://localhost:45525/devtoo..., se:cdpVersion: 111.0.5563.146, setWindowRect: true, strictFileInteractability: false, timeouts: {implicit: 0, pageLoad: 300000, script: 30000}, unhandledPromptBehavior: dismiss and notify, webauthn:extension:credBlob: true, webauthn:extension:largeBlob: true, webauthn:virtualAuthenticators: true}
Element: [[ChromeDriver: chrome on LINUX (1e851ee48bbea848898ee64d4eacb9a9)] -&gt; xpath: //*[@class=&quot;search-result mb-0 ng-scope&quot;]/div/a]
Session ID: 1e851ee48bbea848898ee64d4eacb9a9
	at org.openqa.selenium.remote.codec.w3c.W3CHttpResponseCodec.createException(W3CHttpResponseCodec.java:200)
	at org.openqa.selenium.remote.codec.w3c.W3CHttpResponseCodec.decode(W3CHttpResponseCodec.java:133)
	at org.openqa.selenium.remote.codec.w3c.W3CHttpResponseCodec.decode(W3CHttpResponseCodec.java:53)
	at org.openqa.selenium.remote.HttpCommandExecutor.execute(HttpCommandExecutor.java:193)
	at org.openqa.selenium.remote.service.DriverCommandExecutor.invokeExecute(DriverCommandExecutor.java:183)
	at org.openqa.selenium.remote.service.DriverCommandExecutor.execute(DriverCommandExecutor.java:158)
	at org.openqa.selenium.remote.RemoteWebDriver.execute(RemoteWebDriver.java:543)
	at org.openqa.selenium.remote.RemoteWebElement.execute(RemoteWebElement.java:257)
	at org.openqa.selenium.remote.RemoteWebElement.isDisplayed(RemoteWebElement.java:313)
	at org.openqa.selenium.support.ui.ExpectedConditions$9.apply(ExpectedConditions.java:267)
	at org.openqa.selenium.support.ui.ExpectedConditions$9.apply(ExpectedConditions.java:263)
	at org.openqa.selenium.support.ui.FluentWait.until(FluentWait.java:208)
	at com.demo.utilities.WebUtilities.fluent_wait(WebUtilities.java:63)
	at com.demo.actions.web.Instructions.add_procedure(Instructions.java:163)
	at com.demo.testcases.web.WebAppointmentInstructionsPageTest.search_procedure(WebAppointmentInstructionsPageTest.java:36)
	at java.base/java.util.ArrayList.forEach(ArrayList.java:1511)
... Removed 32 stack frames
</div> <!-- stack-trace -->
                </div> <!-- method-content -->
              </div> <!-- method -->
            </div> <!-- main-panel-content rounded-window-bottom -->
          </div> <!-- suite-Suite-class-failed -->
          <div class="suite-Suite-class-failed">
            <div class="main-panel-header rounded-window-top">
              <img src="failed.png"/>
              <span class="class-name">com.demo.testcases.web.WebAppointmentSummaryPageTest</span>
            </div> <!-- main-panel-header rounded-window-top -->
            <div class="main-panel-content rounded-window-bottom">
              <div class="method">
                <div class="method-content">
                  <a name="verify_record_is_printed">
                  </a> <!-- verify_record_is_printed -->
                  <span class="method-name">verify_record_is_printed</span>
                  <div class="stack-trace">java.util.NoSuchElementException
	at java.base/java.util.LinkedHashMap$LinkedHashIterator.nextNode(LinkedHashMap.java:758)
	at java.base/java.util.LinkedHashMap$LinkedKeyIterator.next(LinkedHashMap.java:778)
	at com.demo.actions.web.SummaryPage.verify_record_can_be_printed(SummaryPage.java:236)
	at com.demo.testcases.web.WebAppointmentSummaryPageTest.verify_record_is_printed(WebAppointmentSummaryPageTest.java:45)
	at java.base/java.util.ArrayList.forEach(ArrayList.java:1511)
... Removed 27 stack frames
</div> <!-- stack-trace -->
                </div> <!-- method-content -->
              </div> <!-- method -->
            </div> <!-- main-panel-content rounded-window-bottom -->
          </div> <!-- suite-Suite-class-failed -->
          <div class="suite-Suite-class-failed">
            <div class="main-panel-header rounded-window-top">
              <img src="failed.png"/>
              <span class="class-name">com.demo.testcases.web.WebAppointmentPrescriptionPageTest</span>
            </div> <!-- main-panel-header rounded-window-top -->
            <div class="main-panel-content rounded-window-bottom">
              <div class="method">
                <div class="method-content">
                  <a name="search_drugs">
                  </a> <!-- search_drugs -->
                  <span class="method-name">search_drugs</span>
                  <div class="stack-trace">java.lang.AssertionError: expected [true] but found [false]
	at com.demo.actions.web.Prescription.search_drugs(Prescription.java:220)
	at com.demo.testcases.web.WebAppointmentPrescriptionPageTest.search_drugs(WebAppointmentPrescriptionPageTest.java:36)
	at java.base/java.util.ArrayList.forEach(ArrayList.java:1511)
... Removed 31 stack frames
</div> <!-- stack-trace -->
                </div> <!-- method-content -->
              </div> <!-- method -->
              <div class="method">
                <div class="method-content">
                  <a name="verify_20_popular_drugs">
                  </a> <!-- verify_20_popular_drugs -->
                  <span class="method-name">verify_20_popular_drugs</span>
                  <div class="stack-trace">org.openqa.selenium.StaleElementReferenceException: stale element reference: element is not attached to the page document
  (Session info: chrome=111.0.5563.146)
For documentation on this error, please visit: https://selenium.dev/exceptions/#stale_element_reference
Build info: version: &apos;4.9.0&apos;, revision: &apos;d7057100a6&apos;
System info: os.name: &apos;Linux&apos;, os.arch: &apos;amd64&apos;, os.version: &apos;5.14.0-1059-oem&apos;, java.version: &apos;17.0.5&apos;
Driver info: org.openqa.selenium.chrome.ChromeDriver
Command: [1e851ee48bbea848898ee64d4eacb9a9, isElementDisplayed {id=4feb5eee-e673-4cfb-84dc-c274c5b45c08}]
Capabilities {acceptInsecureCerts: false, browserName: chrome, browserVersion: 111.0.5563.146, chrome: {chromedriverVersion: 110.0.5481.77 (65ed616c6e8e..., userDataDir: /tmp/.com.google.Chrome.3Pwhqg}, goog:chromeOptions: {debuggerAddress: localhost:45525}, networkConnectionEnabled: false, pageLoadStrategy: normal, platformName: LINUX, proxy: Proxy(), se:cdp: ws://localhost:45525/devtoo..., se:cdpVersion: 111.0.5563.146, setWindowRect: true, strictFileInteractability: false, timeouts: {implicit: 0, pageLoad: 300000, script: 30000}, unhandledPromptBehavior: dismiss and notify, webauthn:extension:credBlob: true, webauthn:extension:largeBlob: true, webauthn:virtualAuthenticators: true}
Element: [[ChromeDriver: chrome on LINUX (1e851ee48bbea848898ee64d4eacb9a9)] -&gt; xpath: //*[@class=&quot;search-result ng-scope&quot;]/div/a]
Session ID: 1e851ee48bbea848898ee64d4eacb9a9
	at org.openqa.selenium.remote.codec.w3c.W3CHttpResponseCodec.createException(W3CHttpResponseCodec.java:200)
	at org.openqa.selenium.remote.codec.w3c.W3CHttpResponseCodec.decode(W3CHttpResponseCodec.java:133)
	at org.openqa.selenium.remote.codec.w3c.W3CHttpResponseCodec.decode(W3CHttpResponseCodec.java:53)
	at org.openqa.selenium.remote.HttpCommandExecutor.execute(HttpCommandExecutor.java:193)
	at org.openqa.selenium.remote.service.DriverCommandExecutor.invokeExecute(DriverCommandExecutor.java:183)
	at org.openqa.selenium.remote.service.DriverCommandExecutor.execute(DriverCommandExecutor.java:158)
	at org.openqa.selenium.remote.RemoteWebDriver.execute(RemoteWebDriver.java:543)
	at org.openqa.selenium.remote.RemoteWebElement.execute(RemoteWebElement.java:257)
	at org.openqa.selenium.remote.RemoteWebElement.isDisplayed(RemoteWebElement.java:313)
	at org.openqa.selenium.support.ui.ExpectedConditions.elementIfVisible(ExpectedConditions.java:307)
	at org.openqa.selenium.support.ui.ExpectedConditions.access$000(ExpectedConditions.java:40)
	at org.openqa.selenium.support.ui.ExpectedConditions$10.apply(ExpectedConditions.java:293)
	at org.openqa.selenium.support.ui.ExpectedConditions$10.apply(ExpectedConditions.java:290)
	at org.openqa.selenium.support.ui.ExpectedConditions$23.apply(ExpectedConditions.java:660)
	at org.openqa.selenium.support.ui.ExpectedConditions$23.apply(ExpectedConditions.java:656)
	at org.openqa.selenium.support.ui.FluentWait.until(FluentWait.java:208)
	at com.demo.utilities.WebUtilities.explicitwait(WebUtilities.java:68)
	at com.demo.actions.web.Prescription.verify_20_popular_drugs(Prescription.java:121)
	at com.demo.testcases.web.WebAppointmentPrescriptionPageTest.verify_20_popular_drugs(WebAppointmentPrescriptionPageTest.java:26)
	at java.base/java.util.ArrayList.forEach(ArrayList.java:1511)
... Removed 32 stack frames
</div> <!-- stack-trace -->
                </div> <!-- method-content -->
              </div> <!-- method -->
              <div class="method">
                <div class="method-content">
                  <a name="verify_created_drug_is_added">
                  </a> <!-- verify_created_drug_is_added -->
                  <span class="method-name">verify_created_drug_is_added</span>
                  <div class="stack-trace">org.openqa.selenium.StaleElementReferenceException: stale element reference: element is not attached to the page document
  (Session info: chrome=111.0.5563.146)
For documentation on this error, please visit: https://selenium.dev/exceptions/#stale_element_reference
Build info: version: &apos;4.9.0&apos;, revision: &apos;d7057100a6&apos;
System info: os.name: &apos;Linux&apos;, os.arch: &apos;amd64&apos;, os.version: &apos;5.14.0-1059-oem&apos;, java.version: &apos;17.0.5&apos;
Driver info: org.openqa.selenium.chrome.ChromeDriver
Command: [1e851ee48bbea848898ee64d4eacb9a9, getElementText {id=aec8691d-0485-4b5d-a5f6-ce70143e2037}]
Capabilities {acceptInsecureCerts: false, browserName: chrome, browserVersion: 111.0.5563.146, chrome: {chromedriverVersion: 110.0.5481.77 (65ed616c6e8e..., userDataDir: /tmp/.com.google.Chrome.3Pwhqg}, goog:chromeOptions: {debuggerAddress: localhost:45525}, networkConnectionEnabled: false, pageLoadStrategy: normal, platformName: LINUX, proxy: Proxy(), se:cdp: ws://localhost:45525/devtoo..., se:cdpVersion: 111.0.5563.146, setWindowRect: true, strictFileInteractability: false, timeouts: {implicit: 0, pageLoad: 300000, script: 30000}, unhandledPromptBehavior: dismiss and notify, webauthn:extension:credBlob: true, webauthn:extension:largeBlob: true, webauthn:virtualAuthenticators: true}
Element: [[ChromeDriver: chrome on LINUX (1e851ee48bbea848898ee64d4eacb9a9)] -&gt; xpath: //*[@class=&quot;dropdown flex-100 border-0&quot;]/a/span]
Session ID: 1e851ee48bbea848898ee64d4eacb9a9
	at org.openqa.selenium.remote.codec.w3c.W3CHttpResponseCodec.createException(W3CHttpResponseCodec.java:200)
	at org.openqa.selenium.remote.codec.w3c.W3CHttpResponseCodec.decode(W3CHttpResponseCodec.java:133)
	at org.openqa.selenium.remote.codec.w3c.W3CHttpResponseCodec.decode(W3CHttpResponseCodec.java:53)
	at org.openqa.selenium.remote.HttpCommandExecutor.execute(HttpCommandExecutor.java:193)
	at org.openqa.selenium.remote.service.DriverCommandExecutor.invokeExecute(DriverCommandExecutor.java:183)
	at org.openqa.selenium.remote.service.DriverCommandExecutor.execute(DriverCommandExecutor.java:158)
	at org.openqa.selenium.remote.RemoteWebDriver.execute(RemoteWebDriver.java:543)
	at org.openqa.selenium.remote.RemoteWebElement.execute(RemoteWebElement.java:257)
	at org.openqa.selenium.remote.RemoteWebElement.getText(RemoteWebElement.java:207)
	at com.demo.actions.web.Prescription.verify_created_drug_added(Prescription.java:398)
	at com.demo.testcases.web.WebAppointmentPrescriptionPageTest.verify_created_drug_is_added(WebAppointmentPrescriptionPageTest.java:57)
	at java.base/java.util.ArrayList.forEach(ArrayList.java:1511)
... Removed 32 stack frames
</div> <!-- stack-trace -->
                </div> <!-- method-content -->
              </div> <!-- method -->
              <div class="method">
                <div class="method-content">
                  <a name="verify_same_drug_cannot_be_added_twice">
                  </a> <!-- verify_same_drug_cannot_be_added_twice -->
                  <span class="method-name">verify_same_drug_cannot_be_added_twice</span>
                  <div class="stack-trace">java.lang.AssertionError: expected [true] but found [false]
	at com.demo.actions.web.Prescription.verify_same_drug_cannot_be_added_twice(Prescription.java:465)
	at com.demo.testcases.web.WebAppointmentPrescriptionPageTest.verify_same_drug_cannot_be_added_twice(WebAppointmentPrescriptionPageTest.java:70)
	at java.base/java.util.ArrayList.forEach(ArrayList.java:1511)
... Removed 31 stack frames
</div> <!-- stack-trace -->
                </div> <!-- method-content -->
              </div> <!-- method -->
            </div> <!-- main-panel-content rounded-window-bottom -->
          </div> <!-- suite-Suite-class-failed -->
          <div class="suite-Suite-class-passed">
            <div class="main-panel-header rounded-window-top">
              <img src="passed.png"/>
              <span class="class-name">com.demo.testcases.web.WebLoginTest</span>
            </div> <!-- main-panel-header rounded-window-top -->
            <div class="main-panel-content rounded-window-bottom">
              <div class="method">
                <div class="method-content">
                  <a name="login">
                  </a> <!-- login -->
                  <span class="method-name">login</span>
                </div> <!-- method-content -->
              </div> <!-- method -->
            </div> <!-- main-panel-content rounded-window-bottom -->
          </div> <!-- suite-Suite-class-passed -->
          <div class="suite-Suite-class-passed">
            <div class="main-panel-header rounded-window-top">
              <img src="passed.png"/>
              <span class="class-name">com.demo.testcases.web.WebAppointmentCFDTest</span>
            </div> <!-- main-panel-header rounded-window-top -->
            <div class="main-panel-content rounded-window-bottom">
              <div class="method">
                <div class="method-content">
                  <a name="add_popular_diagnosis">
                  </a> <!-- add_popular_diagnosis -->
                  <span class="method-name">add_popular_diagnosis</span>
                </div> <!-- method-content -->
              </div> <!-- method -->
              <div class="method">
                <div class="method-content">
                  <a name="diagnosis_tab_verify_added_cfd">
                  </a> <!-- diagnosis_tab_verify_added_cfd -->
                  <span class="method-name">diagnosis_tab_verify_added_cfd</span>
                </div> <!-- method-content -->
              </div> <!-- method -->
              <div class="method">
                <div class="method-content">
                  <a name="verify_booked_slot">
                  </a> <!-- verify_booked_slot -->
                  <span class="method-name">verify_booked_slot</span>
                  <em>
(Verify that doctor shouldn't able to create appointment in the already booked appointment slot.)                  </em>
                </div> <!-- method-content -->
              </div> <!-- method -->
            </div> <!-- main-panel-content rounded-window-bottom -->
          </div> <!-- suite-Suite-class-passed -->
          <div class="suite-Suite-class-passed">
            <div class="main-panel-header rounded-window-top">
              <img src="passed.png"/>
              <span class="class-name">com.demo.testcases.web.WebAppointmentInstructionsPageTest</span>
            </div> <!-- main-panel-header rounded-window-top -->
            <div class="main-panel-content rounded-window-bottom">
              <div class="method">
                <div class="method-content">
                  <a name="create_new_test_inst_procedure">
                  </a> <!-- create_new_test_inst_procedure -->
                  <span class="method-name">create_new_test_inst_procedure</span>
                </div> <!-- method-content -->
              </div> <!-- method -->
              <div class="method">
                <div class="method-content">
                  <a name="instructions_tab">
                  </a> <!-- instructions_tab -->
                  <span class="method-name">instructions_tab</span>
                </div> <!-- method-content -->
              </div> <!-- method -->
              <div class="method">
                <div class="method-content">
                  <a name="search_instruction">
                  </a> <!-- search_instruction -->
                  <span class="method-name">search_instruction</span>
                </div> <!-- method-content -->
              </div> <!-- method -->
              <div class="method">
                <div class="method-content">
                  <a name="search_test">
                  </a> <!-- search_test -->
                  <span class="method-name">search_test</span>
                </div> <!-- method-content -->
              </div> <!-- method -->
            </div> <!-- main-panel-content rounded-window-bottom -->
          </div> <!-- suite-Suite-class-passed -->
          <div class="suite-Suite-class-passed">
            <div class="main-panel-header rounded-window-top">
              <img src="passed.png"/>
              <span class="class-name">com.demo.testcases.web.WebAppointmentSummaryPageTest</span>
            </div> <!-- main-panel-header rounded-window-top -->
            <div class="main-panel-content rounded-window-bottom">
              <div class="method">
                <div class="method-content">
                  <a name="summary_tab">
                  </a> <!-- summary_tab -->
                  <span class="method-name">summary_tab</span>
                </div> <!-- method-content -->
              </div> <!-- method -->
              <div class="method">
                <div class="method-content">
                  <a name="verify_dagnosis">
                  </a> <!-- verify_dagnosis -->
                  <span class="method-name">verify_dagnosis</span>
                </div> <!-- method-content -->
              </div> <!-- method -->
              <div class="method">
                <div class="method-content">
                  <a name="verify_drug">
                  </a> <!-- verify_drug -->
                  <span class="method-name">verify_drug</span>
                </div> <!-- method-content -->
              </div> <!-- method -->
              <div class="method">
                <div class="method-content">
                  <a name="verify_record_is_saved">
                  </a> <!-- verify_record_is_saved -->
                  <span class="method-name">verify_record_is_saved</span>
                </div> <!-- method-content -->
              </div> <!-- method -->
            </div> <!-- main-panel-content rounded-window-bottom -->
          </div> <!-- suite-Suite-class-passed -->
          <div class="suite-Suite-class-passed">
            <div class="main-panel-header rounded-window-top">
              <img src="passed.png"/>
              <span class="class-name">com.demo.testcases.web.WebAppointmentPrescriptionPageTest</span>
            </div> <!-- main-panel-header rounded-window-top -->
            <div class="main-panel-content rounded-window-bottom">
              <div class="method">
                <div class="method-content">
                  <a name="add_new_drug_form_details">
                  </a> <!-- add_new_drug_form_details -->
                  <span class="method-name">add_new_drug_form_details</span>
                </div> <!-- method-content -->
              </div> <!-- method -->
              <div class="method">
                <div class="method-content">
                  <a name="delete_all_added_drugs">
                  </a> <!-- delete_all_added_drugs -->
                  <span class="method-name">delete_all_added_drugs</span>
                </div> <!-- method-content -->
              </div> <!-- method -->
              <div class="method">
                <div class="method-content">
                  <a name="prescription_tab">
                  </a> <!-- prescription_tab -->
                  <span class="method-name">prescription_tab</span>
                </div> <!-- method-content -->
              </div> <!-- method -->
              <div class="method">
                <div class="method-content">
                  <a name="verify_delete_icon_for_added_drugs">
                  </a> <!-- verify_delete_icon_for_added_drugs -->
                  <span class="method-name">verify_delete_icon_for_added_drugs</span>
                </div> <!-- method-content -->
              </div> <!-- method -->
            </div> <!-- main-panel-content rounded-window-bottom -->
          </div> <!-- suite-Suite-class-passed -->
        </div> <!-- panel Suite -->
        <div panel-name="test-xml-Suite" class="panel">
          <div class="main-panel-header rounded-window-top">
            <span class="header-content">/home/josh/Repo/DemoProjectWeb/DemoProject/TestNG XMLs/web.xml</span>
          </div> <!-- main-panel-header rounded-window-top -->
          <div class="main-panel-content rounded-window-bottom">
            <pre>
&lt;?xml version=&quot;1.0&quot; encoding=&quot;UTF-8&quot;?&gt;
&lt;!DOCTYPE suite SYSTEM &quot;https://testng.org/testng-1.0.dtd&quot;&gt;
&lt;suite name=&quot;Suite&quot; guice-stage=&quot;DEVELOPMENT&quot;&gt;
  &lt;listeners&gt;
    &lt;listener class-name=&quot;com.demo.listeners.Listeners&quot;/&gt;
  &lt;/listeners&gt;
  &lt;test thread-count=&quot;5&quot; name=&quot;Test&quot;&gt;
    &lt;classes&gt;
      &lt;class name=&quot;com.demo.testcases.web.WebLoginTest&quot;/&gt;
      &lt;class name=&quot;com.demo.testcases.web.WebAppointmentCFDTest&quot;/&gt;
      &lt;class name=&quot;com.demo.testcases.web.WebAppointmentPrescriptionPageTest&quot;/&gt;
      &lt;class name=&quot;com.demo.testcases.web.WebAppointmentInstructionsPageTest&quot;/&gt;
      &lt;class name=&quot;com.demo.testcases.web.WebAppointmentSummaryPageTest&quot;/&gt;
    &lt;/classes&gt;
  &lt;/test&gt; &lt;!-- Test --&gt;
&lt;/suite&gt; &lt;!-- Suite --&gt;
            </pre>
          </div> <!-- main-panel-content rounded-window-bottom -->
        </div> <!-- panel -->
        <div panel-name="testlist-Suite" class="panel">
          <div class="main-panel-header rounded-window-top">
            <span class="header-content">Tests for Suite</span>
          </div> <!-- main-panel-header rounded-window-top -->
          <div class="main-panel-content rounded-window-bottom">
            <ul>
              <li>
                <span class="test-name">Test (5 classes)</span>
              </li>
            </ul>
          </div> <!-- main-panel-content rounded-window-bottom -->
        </div> <!-- panel -->
        <div panel-name="group-Suite" class="panel">
          <div class="main-panel-header rounded-window-top">
            <span class="header-content">Groups for Suite</span>
          </div> <!-- main-panel-header rounded-window-top -->
          <div class="main-panel-content rounded-window-bottom">
          </div> <!-- main-panel-content rounded-window-bottom -->
        </div> <!-- panel -->
        <div panel-name="times-Suite" class="panel">
          <div class="main-panel-header rounded-window-top">
            <span class="header-content">Times for Suite</span>
          </div> <!-- main-panel-header rounded-window-top -->
          <div class="main-panel-content rounded-window-bottom">
            <div class="times-div">
              <script type="text/javascript">
suiteTableInitFunctions.push('tableData_Suite');
function tableData_Suite() {
var data = new google.visualization.DataTable();
data.addColumn('number', 'Number');
data.addColumn('string', 'Method');
data.addColumn('string', 'Class');
data.addColumn('number', 'Time (ms)');
data.addRows(27);
data.setCell(0, 0, 0)
data.setCell(0, 1, 'open_created_appointment')
data.setCell(0, 2, 'com.demo.testcases.web.WebAppointmentCFDTest')
data.setCell(0, 3, 26533);
data.setCell(1, 0, 1)
data.setCell(1, 1, 'summary_tab')
data.setCell(1, 2, 'com.demo.testcases.web.WebAppointmentSummaryPageTest')
data.setCell(1, 3, 23496);
data.setCell(2, 0, 2)
data.setCell(2, 1, 'add_popular_diagnosis')
data.setCell(2, 2, 'com.demo.testcases.web.WebAppointmentCFDTest')
data.setCell(2, 3, 20510);
data.setCell(3, 0, 3)
data.setCell(3, 1, 'appointment_for_existing_patient')
data.setCell(3, 2, 'com.demo.testcases.web.WebAppointmentCFDTest')
data.setCell(3, 3, 16720);
data.setCell(4, 0, 4)
data.setCell(4, 1, 'diagnosis_tab_add_cfd')
data.setCell(4, 2, 'com.demo.testcases.web.WebAppointmentCFDTest')
data.setCell(4, 3, 10211);
data.setCell(5, 0, 5)
data.setCell(5, 1, 'verify_dagnosis')
data.setCell(5, 2, 'com.demo.testcases.web.WebAppointmentSummaryPageTest')
data.setCell(5, 3, 10157);
data.setCell(6, 0, 6)
data.setCell(6, 1, 'login')
data.setCell(6, 2, 'com.demo.testcases.web.WebLoginTest')
data.setCell(6, 3, 8620);
data.setCell(7, 0, 7)
data.setCell(7, 1, 'add_new_drug_form_details')
data.setCell(7, 2, 'com.demo.testcases.web.WebAppointmentPrescriptionPageTest')
data.setCell(7, 3, 6225);
data.setCell(8, 0, 8)
data.setCell(8, 1, 'instructions_tab')
data.setCell(8, 2, 'com.demo.testcases.web.WebAppointmentInstructionsPageTest')
data.setCell(8, 3, 5311);
data.setCell(9, 0, 9)
data.setCell(9, 1, 'verify_created_drug_is_added')
data.setCell(9, 2, 'com.demo.testcases.web.WebAppointmentPrescriptionPageTest')
data.setCell(9, 3, 5127);
data.setCell(10, 0, 10)
data.setCell(10, 1, 'verify_20_popular_diagnosis')
data.setCell(10, 2, 'com.demo.testcases.web.WebAppointmentCFDTest')
data.setCell(10, 3, 2197);
data.setCell(11, 0, 11)
data.setCell(11, 1, 'search_instruction')
data.setCell(11, 2, 'com.demo.testcases.web.WebAppointmentInstructionsPageTest')
data.setCell(11, 3, 2005);
data.setCell(12, 0, 12)
data.setCell(12, 1, 'create_new_test_inst_procedure')
data.setCell(12, 2, 'com.demo.testcases.web.WebAppointmentInstructionsPageTest')
data.setCell(12, 3, 1815);
data.setCell(13, 0, 13)
data.setCell(13, 1, 'verify_record_is_printed')
data.setCell(13, 2, 'com.demo.testcases.web.WebAppointmentSummaryPageTest')
data.setCell(13, 3, 1646);
data.setCell(14, 0, 14)
data.setCell(14, 1, 'verify_record_is_saved')
data.setCell(14, 2, 'com.demo.testcases.web.WebAppointmentSummaryPageTest')
data.setCell(14, 3, 1217);
data.setCell(15, 0, 15)
data.setCell(15, 1, 'search_procedure')
data.setCell(15, 2, 'com.demo.testcases.web.WebAppointmentInstructionsPageTest')
data.setCell(15, 3, 1110);
data.setCell(16, 0, 16)
data.setCell(16, 1, 'search_test')
data.setCell(16, 2, 'com.demo.testcases.web.WebAppointmentInstructionsPageTest')
data.setCell(16, 3, 1045);
data.setCell(17, 0, 17)
data.setCell(17, 1, 'diagnosis_tab_verify_added_cfd')
data.setCell(17, 2, 'com.demo.testcases.web.WebAppointmentCFDTest')
data.setCell(17, 3, 961);
data.setCell(18, 0, 18)
data.setCell(18, 1, 'verify_booked_slot')
data.setCell(18, 2, 'com.demo.testcases.web.WebAppointmentCFDTest')
data.setCell(18, 3, 727);
data.setCell(19, 0, 19)
data.setCell(19, 1, 'verify_20_popular_drugs')
data.setCell(19, 2, 'com.demo.testcases.web.WebAppointmentPrescriptionPageTest')
data.setCell(19, 3, 658);
data.setCell(20, 0, 20)
data.setCell(20, 1, 'verify_drug')
data.setCell(20, 2, 'com.demo.testcases.web.WebAppointmentSummaryPageTest')
data.setCell(20, 3, 507);
data.setCell(21, 0, 21)
data.setCell(21, 1, 'verify_same_drug_cannot_be_added_twice')
data.setCell(21, 2, 'com.demo.testcases.web.WebAppointmentPrescriptionPageTest')
data.setCell(21, 3, 377);
data.setCell(22, 0, 22)
data.setCell(22, 1, 'prescription_tab')
data.setCell(22, 2, 'com.demo.testcases.web.WebAppointmentPrescriptionPageTest')
data.setCell(22, 3, 236);
data.setCell(23, 0, 23)
data.setCell(23, 1, 'search_drugs')
data.setCell(23, 2, 'com.demo.testcases.web.WebAppointmentPrescriptionPageTest')
data.setCell(23, 3, 206);
data.setCell(24, 0, 24)
data.setCell(24, 1, 'delete_all_added_drugs')
data.setCell(24, 2, 'com.demo.testcases.web.WebAppointmentPrescriptionPageTest')
data.setCell(24, 3, 145);
data.setCell(25, 0, 25)
data.setCell(25, 1, 'verify_delete_icon_for_added_drugs')
data.setCell(25, 2, 'com.demo.testcases.web.WebAppointmentPrescriptionPageTest')
data.setCell(25, 3, 94);
data.setCell(26, 0, 26)
data.setCell(26, 1, 'verify_disabled_slot')
data.setCell(26, 2, 'com.demo.testcases.web.WebAppointmentCFDTest')
data.setCell(26, 3, 68);
window.suiteTableData['Suite']= { tableData: data, tableDiv: 'times-div-Suite'}
return data;
}
              </script>
              <span class="suite-total-time">Total running time: 2 minutes</span>
              <div id="times-div-Suite">
              </div> <!-- times-div-Suite -->
            </div> <!-- times-div -->
          </div> <!-- main-panel-content rounded-window-bottom -->
        </div> <!-- panel -->
        <div panel-name="reporter-Suite" class="panel">
          <div class="main-panel-header rounded-window-top">
            <span class="header-content">Reporter output for Suite</span>
          </div> <!-- main-panel-header rounded-window-top -->
          <div class="main-panel-content rounded-window-bottom">
          </div> <!-- main-panel-content rounded-window-bottom -->
        </div> <!-- panel -->
        <div panel-name="ignored-methods-Suite" class="panel">
          <div class="main-panel-header rounded-window-top">
            <span class="header-content">12 ignored methods</span>
          </div> <!-- main-panel-header rounded-window-top -->
          <div class="main-panel-content rounded-window-bottom">
            <div class="ignored-class-div">
              <span class="ignored-class-name">com.demo.testcases.web.WebLoginTest</span>
              <div class="ignored-methods-div">
                <span class="ignored-method-name">validate_error_message</span>
                <br/>
                <span class="ignored-method-name">Logout</span>
                <br/>
              </div> <!-- ignored-methods-div -->
            </div> <!-- ignored-class-div -->
            <div class="ignored-class-div">
              <span class="ignored-class-name">com.demo.testcases.web.WebAppointmentCFDTest</span>
              <div class="ignored-methods-div">
                <span class="ignored-method-name">setup</span>
                <br/>
                <span class="ignored-method-name">delete_added_popular_diagnosis</span>
                <br/>
                <span class="ignored-method-name">diagnosis_tab_delete_cfd</span>
                <br/>
                <span class="ignored-method-name">tearDown</span>
                <br/>
              </div> <!-- ignored-methods-div -->
            </div> <!-- ignored-class-div -->
            <div class="ignored-class-div">
              <span class="ignored-class-name">com.demo.testcases.web.WebAppointmentInstructionsPageTest</span>
              <div class="ignored-methods-div">
                <span class="ignored-method-name">tearDown</span>
                <br/>
                <span class="ignored-method-name">setup</span>
                <br/>
              </div> <!-- ignored-methods-div -->
            </div> <!-- ignored-class-div -->
            <div class="ignored-class-div">
              <span class="ignored-class-name">com.demo.testcases.web.WebAppointmentSummaryPageTest</span>
              <div class="ignored-methods-div">
                <span class="ignored-method-name">setup</span>
                <br/>
                <span class="ignored-method-name">tearDown</span>
                <br/>
              </div> <!-- ignored-methods-div -->
            </div> <!-- ignored-class-div -->
            <div class="ignored-class-div">
              <span class="ignored-class-name">com.demo.testcases.web.WebAppointmentPrescriptionPageTest</span>
              <div class="ignored-methods-div">
                <span class="ignored-method-name">setup</span>
                <br/>
                <span class="ignored-method-name">tearDown</span>
                <br/>
              </div> <!-- ignored-methods-div -->
            </div> <!-- ignored-class-div -->
          </div> <!-- main-panel-content rounded-window-bottom -->
        </div> <!-- panel -->
        <div panel-name="chronological-Suite" class="panel">
          <div class="main-panel-header rounded-window-top">
            <span class="header-content">Methods in chronological order</span>
          </div> <!-- main-panel-header rounded-window-top -->
          <div class="main-panel-content rounded-window-bottom">
            <div class="chronological-class">
              <div class="chronological-class-name">com.demo.testcases.web.WebLoginTest</div> <!-- chronological-class-name -->
              <div class="configuration-test before">
                <span class="method-name">setup</span>
                <span class="method-start">0 ms</span>
              </div> <!-- configuration-test before -->
              <div class="test-method">
                <span class="method-name">login</span>
                <span class="method-start">13800 ms</span>
              </div> <!-- test-method -->
            </div> <!-- chronological-class -->
            <div class="chronological-class">
              <div class="chronological-class-name">com.demo.testcases.web.WebAppointmentCFDTest</div> <!-- chronological-class-name -->
              <div class="test-method">
                <img src="failed.png">
                </img>
                <span class="method-name">appointment_for_existing_patient</span>
                <span class="method-start">22445 ms</span>
              </div> <!-- test-method -->
              <div class="test-method">
                <span class="method-name">verify_booked_slot</span>
                <span class="method-start">39184 ms</span>
              </div> <!-- test-method -->
              <div class="test-method">
                <img src="failed.png">
                </img>
                <span class="method-name">verify_disabled_slot</span>
                <span class="method-start">39917 ms</span>
              </div> <!-- test-method -->
              <div class="test-method">
                <img src="failed.png">
                </img>
                <span class="method-name">open_created_appointment</span>
                <span class="method-start">39992 ms</span>
              </div> <!-- test-method -->
              <div class="test-method">
                <img src="failed.png">
                </img>
                <span class="method-name">verify_20_popular_diagnosis</span>
                <span class="method-start">66541 ms</span>
              </div> <!-- test-method -->
              <div class="test-method">
                <span class="method-name">add_popular_diagnosis</span>
                <span class="method-start">68751 ms</span>
              </div> <!-- test-method -->
              <div class="test-method">
                <img src="failed.png">
                </img>
                <span class="method-name">diagnosis_tab_add_cfd</span>
                <span class="method-start">89266 ms</span>
              </div> <!-- test-method -->
              <div class="test-method">
                <span class="method-name">diagnosis_tab_verify_added_cfd</span>
                <span class="method-start">99486 ms</span>
              </div> <!-- test-method -->
            </div> <!-- chronological-class -->
            <div class="chronological-class">
              <div class="chronological-class-name">com.demo.testcases.web.WebAppointmentPrescriptionPageTest</div> <!-- chronological-class-name -->
              <div class="test-method">
                <span class="method-name">prescription_tab</span>
                <span class="method-start">100449 ms</span>
              </div> <!-- test-method -->
              <div class="test-method">
                <img src="failed.png">
                </img>
                <span class="method-name">verify_20_popular_drugs</span>
                <span class="method-start">100689 ms</span>
              </div> <!-- test-method -->
              <div class="test-method">
                <img src="failed.png">
                </img>
                <span class="method-name">search_drugs</span>
                <span class="method-start">101351 ms</span>
              </div> <!-- test-method -->
              <div class="test-method">
                <span class="method-name">add_new_drug_form_details</span>
                <span class="method-start">101559 ms</span>
              </div> <!-- test-method -->
              <div class="test-method">
                <img src="failed.png">
                </img>
                <span class="method-name">verify_created_drug_is_added</span>
                <span class="method-start">107790 ms</span>
              </div> <!-- test-method -->
              <div class="test-method">
                <span class="method-name">verify_delete_icon_for_added_drugs</span>
                <span class="method-start">112924 ms</span>
              </div> <!-- test-method -->
              <div class="test-method">
                <img src="failed.png">
                </img>
                <span class="method-name">verify_same_drug_cannot_be_added_twice</span>
                <span class="method-start">113021 ms</span>
              </div> <!-- test-method -->
              <div class="test-method">
                <span class="method-name">delete_all_added_drugs</span>
                <span class="method-start">113401 ms</span>
              </div> <!-- test-method -->
            </div> <!-- chronological-class -->
            <div class="chronological-class">
              <div class="chronological-class-name">com.demo.testcases.web.WebAppointmentInstructionsPageTest</div> <!-- chronological-class-name -->
              <div class="test-method">
                <span class="method-name">instructions_tab</span>
                <span class="method-start">113549 ms</span>
              </div> <!-- test-method -->
              <div class="test-method">
                <span class="method-name">search_test</span>
                <span class="method-start">118862 ms</span>
              </div> <!-- test-method -->
              <div class="test-method">
                <span class="method-name">search_instruction</span>
                <span class="method-start">119911 ms</span>
              </div> <!-- test-method -->
              <div class="test-method">
                <img src="failed.png">
                </img>
                <span class="method-name">search_procedure</span>
                <span class="method-start">121919 ms</span>
              </div> <!-- test-method -->
              <div class="test-method">
                <span class="method-name">create_new_test_inst_procedure</span>
                <span class="method-start">123034 ms</span>
              </div> <!-- test-method -->
            </div> <!-- chronological-class -->
            <div class="chronological-class">
              <div class="chronological-class-name">com.demo.testcases.web.WebAppointmentSummaryPageTest</div> <!-- chronological-class-name -->
              <div class="test-method">
                <span class="method-name">summary_tab</span>
                <span class="method-start">124852 ms</span>
              </div> <!-- test-method -->
              <div class="test-method">
                <span class="method-name">verify_dagnosis</span>
                <span class="method-start">148352 ms</span>
              </div> <!-- test-method -->
              <div class="test-method">
                <span class="method-name">verify_drug</span>
                <span class="method-start">158513 ms</span>
              </div> <!-- test-method -->
              <div class="test-method">
                <span class="method-name">verify_record_is_saved</span>
                <span class="method-start">159022 ms</span>
              </div> <!-- test-method -->
              <div class="test-method">
                <img src="failed.png">
                </img>
                <span class="method-name">verify_record_is_printed</span>
                <span class="method-start">160241 ms</span>
              </div> <!-- test-method -->
            </div> <!-- chronological-class -->
            <div class="chronological-class">
              <div class="chronological-class-name">com.demo.testcases.web.WebLoginTest</div> <!-- chronological-class-name -->
              <div class="configuration-test after">
                <span class="method-name">tearDown</span>
                <span class="method-start">161889 ms</span>
              </div> <!-- configuration-test after -->
          </div> <!-- main-panel-content rounded-window-bottom -->
        </div> <!-- panel -->
      </div> <!-- main-panel-root -->
    </div> <!-- wrapper -->
  </body>
<script type="text/javascript" src="testng-reports2.js"></script>
</html>
