<html>
<head>
<title>TestNG:  End To End Tests</title>
<link href="../testng.css" rel="stylesheet" type="text/css" />
<link href="../my-testng.css" rel="stylesheet" type="text/css" />

<style type="text/css">
.log { display: none;} 
.stack-trace { display: none;} 
</style>
<script type="text/javascript">
<!--
function flip(e) {
  current = e.style.display;
  if (current == 'block') {
    e.style.display = 'none';
    return 0;
  }
  else {
    e.style.display = 'block';
    return 1;
  }
}

function toggleBox(szDivId, elem, msg1, msg2)
{
  var res = -1;  if (document.getElementById) {
    res = flip(document.getElementById(szDivId));
  }
  else if (document.all) {
    // this is the way old msie versions work
    res = flip(document.all[szDivId]);
  }
  if(elem) {
    if(res == 0) elem.innerHTML = msg1; else elem.innerHTML = msg2;
  }

}

function toggleAllBoxes() {
  if (document.getElementsByTagName) {
    d = document.getElementsByTagName('div');
    for (i = 0; i < d.length; i++) {
      if (d[i].className == 'log') {
        flip(d[i]);
      }
    }
  }
}

// -->
</script>

</head>
<body>
<h2 align='center'>End To End Tests</h2><table border='1' align="center">
<tr>
<td>Tests passed/Failed/Skipped:</td><td>21/1/0</td>
</tr><tr>
<td>Started on:</td><td>Wed Aug 23 16:42:07 IST 2023</td>
</tr>
<tr><td>Total time:</td><td>290 seconds (290520 ms)</td>
</tr><tr>
<td>Included groups:</td><td></td>
</tr><tr>
<td>Excluded groups:</td><td></td>
</tr>
</table><p/>
<small><i>(Hover the method name to see the test class name)</i></small><p/>
<table width='100%' border='1' class='invocation-failed'>
<tr><td colspan='4' align='center'><b>FAILED TESTS</b></td></tr>
<tr><td><b>Test method</b></td>
<td><b>Attribute(s)</b></td>
<td width="30%"><b>Exception</b></td>
<td width="10%"><b>Time (seconds)</b></td>
<td><b>Instance</b></td>
</tr>
<tr>
<td title='com.demo.testcases.web.WebPrescriptionPageTest.prescription_tab()'><b>prescription_tab</b><br>Test class: com.demo.testcases.web.WebPrescriptionPageTest</td>
<td><div><pre>org.openqa.selenium.StaleElementReferenceException: stale element reference: element is not attached to the page document
  (Session info: chrome=111.0.5563.64)
For documentation on this error, please visit: https://www.selenium.dev/documentation/webdriver/troubleshooting/errors#stale-element-reference-exception
Build info: version: &apos;4.11.0&apos;, revision: &apos;040bc5406b&apos;
System info: os.name: &apos;Linux&apos;, os.arch: &apos;amd64&apos;, os.version: &apos;5.14.0-1059-oem&apos;, java.version: &apos;17.0.5&apos;
Driver info: org.openqa.selenium.chrome.ChromeDriver
Command: [0e1debf927db73fd4d65d16ef9a8b258, getElementText {id=b1965f77-c44e-4273-9021-c28185e00ec7}]
Capabilities {acceptInsecureCerts: false, browserName: chrome, browserVersion: 111.0.5563.64, chrome: {chromedriverVersion: 111.0.5563.64 (c710e93d5b63..., userDataDir: /tmp/.com.google.Chrome.zoYrU0}, goog:chromeOptions: {debuggerAddress: localhost:40191}, networkConnectionEnabled: false, pageLoadStrategy: normal, platformName: linux, proxy: Proxy(), se:cdp: ws://localhost:40191/devtoo..., se:cdpVersion: 111.0.5563.64, setWindowRect: true, strictFileInteractability: false, timeouts: {implicit: 0, pageLoad: 300000, script: 30000}, unhandledPromptBehavior: dismiss and notify, webauthn:extension:credBlob: true, webauthn:extension:largeBlob: true, webauthn:extension:minPinLength: true, webauthn:extension:prf: true, webauthn:virtualAuthenticators: true}
Element: [[ChromeDriver: chrome on linux (0e1debf927db73fd4d65d16ef9a8b258)] -&gt; css selector: .nav.nav-tabs&gt;li]
Session ID: 0e1debf927db73fd4d65d16ef9a8b258
	at org.openqa.selenium.remote.codec.w3c.W3CHttpResponseCodec.createException(W3CHttpResponseCodec.java:200)
	at org.openqa.selenium.remote.codec.w3c.W3CHttpResponseCodec.decode(W3CHttpResponseCodec.java:133)
	at org.openqa.selenium.remote.codec.w3c.W3CHttpResponseCodec.decode(W3CHttpResponseCodec.java:52)
	at org.openqa.selenium.remote.HttpCommandExecutor.execute(HttpCommandExecutor.java:191)
	at org.openqa.selenium.remote.service.DriverCommandExecutor.invokeExecute(DriverCommandExecutor.java:196)
	at org.openqa.selenium.remote.service.DriverCommandExecutor.execute(DriverCommandExecutor.java:171)
	at org.openqa.selenium.remote.RemoteWebDriver.execute(RemoteWebDriver.java:518)
	at org.openqa.selenium.remote.RemoteWebElement.execute(RemoteWebElement.java:224)
	at org.openqa.selenium.remote.RemoteWebElement.getText(RemoteWebElement.java:192)
	at com.demo.actions.web.CFDPage.open_prescription_tab(CFDPage.java:227)
	at com.demo.testcases.web.WebPrescriptionPageTest.prescription_tab(WebPrescriptionPageTest.java:21)
	at java.base/java.util.ArrayList.forEach(ArrayList.java:1511)
... Removed 32 stack frames</pre></div><a href='#' onClick='toggleBox("stack-trace1542221", this, "Click to show all stack frames", "Click to hide stack frames")'>Click to show all stack frames</a>
<div class='stack-trace' id='stack-trace1542221'><pre>org.openqa.selenium.StaleElementReferenceException: stale element reference: element is not attached to the page document
  (Session info: chrome=111.0.5563.64)
For documentation on this error, please visit: https://www.selenium.dev/documentation/webdriver/troubleshooting/errors#stale-element-reference-exception
Build info: version: &apos;4.11.0&apos;, revision: &apos;040bc5406b&apos;
System info: os.name: &apos;Linux&apos;, os.arch: &apos;amd64&apos;, os.version: &apos;5.14.0-1059-oem&apos;, java.version: &apos;17.0.5&apos;
Driver info: org.openqa.selenium.chrome.ChromeDriver
Command: [0e1debf927db73fd4d65d16ef9a8b258, getElementText {id=b1965f77-c44e-4273-9021-c28185e00ec7}]
Capabilities {acceptInsecureCerts: false, browserName: chrome, browserVersion: 111.0.5563.64, chrome: {chromedriverVersion: 111.0.5563.64 (c710e93d5b63..., userDataDir: /tmp/.com.google.Chrome.zoYrU0}, goog:chromeOptions: {debuggerAddress: localhost:40191}, networkConnectionEnabled: false, pageLoadStrategy: normal, platformName: linux, proxy: Proxy(), se:cdp: ws://localhost:40191/devtoo..., se:cdpVersion: 111.0.5563.64, setWindowRect: true, strictFileInteractability: false, timeouts: {implicit: 0, pageLoad: 300000, script: 30000}, unhandledPromptBehavior: dismiss and notify, webauthn:extension:credBlob: true, webauthn:extension:largeBlob: true, webauthn:extension:minPinLength: true, webauthn:extension:prf: true, webauthn:virtualAuthenticators: true}
Element: [[ChromeDriver: chrome on linux (0e1debf927db73fd4d65d16ef9a8b258)] -&gt; css selector: .nav.nav-tabs&gt;li]
Session ID: 0e1debf927db73fd4d65d16ef9a8b258
	at java.base/jdk.internal.reflect.NativeConstructorAccessorImpl.newInstance0(Native Method)
	at java.base/jdk.internal.reflect.NativeConstructorAccessorImpl.newInstance(NativeConstructorAccessorImpl.java:77)
	at java.base/jdk.internal.reflect.DelegatingConstructorAccessorImpl.newInstance(DelegatingConstructorAccessorImpl.java:45)
	at java.base/java.lang.reflect.Constructor.newInstanceWithCaller(Constructor.java:499)
	at java.base/java.lang.reflect.Constructor.newInstance(Constructor.java:480)
	at org.openqa.selenium.remote.codec.w3c.W3CHttpResponseCodec.createException(W3CHttpResponseCodec.java:200)
	at org.openqa.selenium.remote.codec.w3c.W3CHttpResponseCodec.decode(W3CHttpResponseCodec.java:133)
	at org.openqa.selenium.remote.codec.w3c.W3CHttpResponseCodec.decode(W3CHttpResponseCodec.java:52)
	at org.openqa.selenium.remote.HttpCommandExecutor.execute(HttpCommandExecutor.java:191)
	at org.openqa.selenium.remote.service.DriverCommandExecutor.invokeExecute(DriverCommandExecutor.java:196)
	at org.openqa.selenium.remote.service.DriverCommandExecutor.execute(DriverCommandExecutor.java:171)
	at org.openqa.selenium.remote.RemoteWebDriver.execute(RemoteWebDriver.java:518)
	at org.openqa.selenium.remote.RemoteWebElement.execute(RemoteWebElement.java:224)
	at org.openqa.selenium.remote.RemoteWebElement.getText(RemoteWebElement.java:192)
	at com.demo.actions.web.CFDPage.open_prescription_tab(CFDPage.java:227)
	at com.demo.testcases.web.WebPrescriptionPageTest.prescription_tab(WebPrescriptionPageTest.java:21)
	at java.base/jdk.internal.reflect.NativeMethodAccessorImpl.invoke0(Native Method)
	at java.base/jdk.internal.reflect.NativeMethodAccessorImpl.invoke(NativeMethodAccessorImpl.java:77)
	at java.base/jdk.internal.reflect.DelegatingMethodAccessorImpl.invoke(DelegatingMethodAccessorImpl.java:43)
	at java.base/java.lang.reflect.Method.invoke(Method.java:568)
	at org.testng.internal.invokers.MethodInvocationHelper.invokeMethod(MethodInvocationHelper.java:139)
	at org.testng.internal.invokers.TestInvoker.invokeMethod(TestInvoker.java:677)
	at org.testng.internal.invokers.TestInvoker.invokeTestMethod(TestInvoker.java:221)
	at org.testng.internal.invokers.MethodRunner.runInSequence(MethodRunner.java:50)
	at org.testng.internal.invokers.TestInvoker$MethodInvocationAgent.invoke(TestInvoker.java:969)
	at org.testng.internal.invokers.TestInvoker.invokeTestMethods(TestInvoker.java:194)
	at org.testng.internal.invokers.TestMethodWorker.invokeTestMethods(TestMethodWorker.java:148)
	at org.testng.internal.invokers.TestMethodWorker.run(TestMethodWorker.java:128)
	at java.base/java.util.ArrayList.forEach(ArrayList.java:1511)
	at org.testng.TestRunner.privateRun(TestRunner.java:829)
	at org.testng.TestRunner.run(TestRunner.java:602)
	at org.testng.SuiteRunner.runTest(SuiteRunner.java:437)
	at org.testng.SuiteRunner.runSequentially(SuiteRunner.java:431)
	at org.testng.SuiteRunner.privateRun(SuiteRunner.java:391)
	at org.testng.SuiteRunner.run(SuiteRunner.java:330)
	at org.testng.SuiteRunnerWorker.runSuite(SuiteRunnerWorker.java:52)
	at org.testng.SuiteRunnerWorker.run(SuiteRunnerWorker.java:95)
	at org.testng.TestNG.runSuitesSequentially(TestNG.java:1256)
	at org.testng.TestNG.runSuitesLocally(TestNG.java:1176)
	at org.testng.TestNG.runSuites(TestNG.java:1099)
	at org.testng.TestNG.run(TestNG.java:1067)
	at org.testng.remote.AbstractRemoteTestNG.run(AbstractRemoteTestNG.java:115)
	at org.testng.remote.RemoteTestNG.initAndRun(RemoteTestNG.java:251)
	at org.testng.remote.RemoteTestNG.main(RemoteTestNG.java:77)
</pre></div></td>
<td>12</td>
<td>com.demo.testcases.web.WebPrescriptionPageTest@12365c88</td></tr>
</table><p>
<table width='100%' border='1' class='invocation-passed'>
<tr><td colspan='4' align='center'><b>PASSED TESTS</b></td></tr>
<tr><td><b>Test method</b></td>
<td><b>Attribute(s)</b></td>
<td width="30%"><b>Exception</b></td>
<td width="10%"><b>Time (seconds)</b></td>
<td><b>Instance</b></td>
</tr>
<tr>
<td title='com.demo.testcases.web.WebCFDPageTest.appointment()'><b>appointment</b><br>Test class: com.demo.testcases.web.WebCFDPageTest<br>Parameters: {Patient_Age=35.0, Patient_Mobile=9034500898, Patient_Gender=Female, Patient_Name=Pamella Halpert}</td>
<td></td>
<td>9</td>
<td>com.demo.testcases.web.WebCFDPageTest@4c432866</td></tr>
<tr>
<td title='com.demo.testcases.web.WebPrescriptionPageTest.verify_20_popular_drugs()'><b>verify_20_popular_drugs</b><br>Test class: com.demo.testcases.web.WebPrescriptionPageTest</td>
<td></td>
<td>1</td>
<td>com.demo.testcases.web.WebPrescriptionPageTest@12365c88</td></tr>
<tr>
<td title='com.demo.testcases.web.WebHomePageTest.appointment()'><b>appointment</b><br>Test class: com.demo.testcases.web.WebHomePageTest<br>Test method: Verify doctor's should be able to create appointment for the available appointment slot.<br>Parameters: {Patient_Age=35.0, Patient_Mobile=9034500898, Patient_Gender=Female, Patient_Name=Pamella Halpert}</td>
<td></td>
<td>44</td>
<td>com.demo.testcases.web.WebHomePageTest@130a0f66</td></tr>
<tr>
<td title='com.demo.testcases.web.WebInstructionsPageTest.instructions_tab()'><b>instructions_tab</b><br>Test class: com.demo.testcases.web.WebInstructionsPageTest</td>
<td></td>
<td>5</td>
<td>com.demo.testcases.web.WebInstructionsPageTest@6105f8a3</td></tr>
<tr>
<td title='com.demo.testcases.web.WebSummaryPageTest.drugs_frequency()'><b>drugs_frequency</b><br>Test class: com.demo.testcases.web.WebSummaryPageTest<br>Parameters: {created_drug_frequency=7 days, searched_drug_frequency=2 weeks, popular_drug_frequency=5 days}</td>
<td></td>
<td>0</td>
<td>com.demo.testcases.web.WebSummaryPageTest@2237bada</td></tr>
<tr>
<td title='com.demo.testcases.web.WebSummaryPageTest.add_new_drug()'><b>add_new_drug</b><br>Test class: com.demo.testcases.web.WebSummaryPageTest<br>Parameters: {new_drug_food_ralation=after, new_drug_night=frequency_n, new_drug_evening=frequency_e, new_drug_morning=frequency_m, new_drug_company=magical potions, new_drug_price=900, new_drug_duration=7.0, new_drug_sos=frequency_sos, new_drug_afternoon=frequency_a, new_drug_instructions=drink warm water, new_drug_name=wolfsbane, new_drug_strength=900, new_drug_duration_in=days, new_drug_formulation=tablet, new_drug_mode=oral}</td>
<td></td>
<td>0</td>
<td>com.demo.testcases.web.WebSummaryPageTest@2237bada</td></tr>
<tr>
<td title='com.demo.testcases.web.WebSummaryPageTest.summary_tab()'><b>summary_tab</b><br>Test class: com.demo.testcases.web.WebSummaryPageTest</td>
<td></td>
<td>23</td>
<td>com.demo.testcases.web.WebSummaryPageTest@2237bada</td></tr>
<tr>
<td title='com.demo.testcases.web.WebPrescriptionPageTest.add_drugs()'><b>add_drugs</b><br>Test class: com.demo.testcases.web.WebPrescriptionPageTest<br>Parameters: {searched_drug=NAXDOM, popular_drug=COMBIFLAM}</td>
<td></td>
<td>64</td>
<td>com.demo.testcases.web.WebPrescriptionPageTest@12365c88</td></tr>
<tr>
<td title='com.demo.testcases.web.WebPrescriptionPageTest.delete_all_added_drugs()'><b>delete_all_added_drugs</b><br>Test class: com.demo.testcases.web.WebPrescriptionPageTest</td>
<td></td>
<td>0</td>
<td>com.demo.testcases.web.WebPrescriptionPageTest@12365c88</td></tr>
<tr>
<td title='com.demo.testcases.web.WebSummaryPageTest.saved_record()'><b>saved_record</b><br>Test class: com.demo.testcases.web.WebSummaryPageTest<br>Parameters: {record_date=Aug 22, 2023}</td>
<td></td>
<td>7</td>
<td>com.demo.testcases.web.WebSummaryPageTest@2237bada</td></tr>
<tr>
<td title='com.demo.testcases.web.WebCFDPageTest.add_cfd()'><b>add_cfd</b><br>Test class: com.demo.testcases.web.WebCFDPageTest<br>Parameters: {popular_diagnosis=DENGUE FEVER – 1, searched_complaint=COLICKY PAIN IN ABDOMEN, searched_finding=OTHER FINDINGS, searched_diagnosis=HYPERTHYROIDISM}</td>
<td></td>
<td>14</td>
<td>com.demo.testcases.web.WebCFDPageTest@4c432866</td></tr>
<tr>
<td title='com.demo.testcases.web.WebSummaryPageTest.test_instruction_procedure()'><b>test_instruction_procedure</b><br>Test class: com.demo.testcases.web.WebSummaryPageTest<br>Parameters: {created_procedure=Created Procedure01, created_instruction=Created Instruction01, created_test=Created Test01, searched_instruction=Drink boiled water, searched_procedure=ARTHROSCOPIC STABILISATION PROCEDURE, searched_test=Urine Acetone}</td>
<td></td>
<td>11</td>
<td>com.demo.testcases.web.WebSummaryPageTest@2237bada</td></tr>
<tr>
<td title='com.demo.testcases.web.WebPrescriptionPageTest.add_new_drug()'><b>add_new_drug</b><br>Test class: com.demo.testcases.web.WebPrescriptionPageTest<br>Parameters: {new_drug_food_ralation=after, new_drug_night=frequency_n, new_drug_evening=frequency_e, new_drug_morning=frequency_m, new_drug_company=magical potions, new_drug_price=900, new_drug_duration=7.0, new_drug_sos=frequency_sos, new_drug_afternoon=frequency_a, new_drug_instructions=drink warm water, new_drug_name=wolfsbane, new_drug_strength=900, new_drug_duration_in=days, new_drug_formulation=tablet, new_drug_mode=oral}</td>
<td></td>
<td>48</td>
<td>com.demo.testcases.web.WebPrescriptionPageTest@12365c88</td></tr>
<tr>
<td title='com.demo.testcases.web.WebSummaryPageTest.verify_record_is_printed()'><b>verify_record_is_printed</b><br>Test class: com.demo.testcases.web.WebSummaryPageTest</td>
<td></td>
<td>12</td>
<td>com.demo.testcases.web.WebSummaryPageTest@2237bada</td></tr>
<tr>
<td title='com.demo.testcases.web.WebHomePageTest.select_evening_slot()'><b>select_evening_slot</b><br>Test class: com.demo.testcases.web.WebHomePageTest</td>
<td></td>
<td>9</td>
<td>com.demo.testcases.web.WebHomePageTest@130a0f66</td></tr>
<tr>
<td title='com.demo.testcases.web.WebInstructionsPageTest.test_instruction_procedure()'><b>test_instruction_procedure</b><br>Test class: com.demo.testcases.web.WebInstructionsPageTest<br>Parameters: {created_procedure=Created Procedure01, created_instruction=Created Instruction01, created_test=Created Test01, searched_instruction=Drink boiled water, searched_procedure=ARTHROSCOPIC STABILISATION PROCEDURE, searched_test=Urine Acetone}</td>
<td></td>
<td>12</td>
<td>com.demo.testcases.web.WebInstructionsPageTest@6105f8a3</td></tr>
<tr>
<td title='com.demo.testcases.web.WebLoginTest.login()'><b>login</b><br>Test class: com.demo.testcases.web.WebLoginTest<br>Parameters: {Username=josh_doctor, Password=josh123}</td>
<td></td>
<td>7</td>
<td>com.demo.testcases.web.WebLoginTest@30457e14</td></tr>
<tr>
<td title='com.demo.testcases.web.WebCFDPageTest.verify_20_popular_diagnosis()'><b>verify_20_popular_diagnosis</b><br>Test class: com.demo.testcases.web.WebCFDPageTest</td>
<td></td>
<td>1</td>
<td>com.demo.testcases.web.WebCFDPageTest@4c432866</td></tr>
<tr>
<td title='com.demo.testcases.web.WebSummaryPageTest.add_drugs()'><b>add_drugs</b><br>Test class: com.demo.testcases.web.WebSummaryPageTest<br>Parameters: {searched_drug=NAXDOM, popular_drug=COMBIFLAM}</td>
<td></td>
<td>0</td>
<td>com.demo.testcases.web.WebSummaryPageTest@2237bada</td></tr>
<tr>
<td title='com.demo.testcases.web.WebSummaryPageTest.add_cfd()'><b>add_cfd</b><br>Test class: com.demo.testcases.web.WebSummaryPageTest<br>Parameters: {popular_diagnosis=DENGUE FEVER – 1, searched_complaint=COLICKY PAIN IN ABDOMEN, searched_finding=OTHER FINDINGS, searched_diagnosis=HYPERTHYROIDISM}</td>
<td></td>
<td>0</td>
<td>com.demo.testcases.web.WebSummaryPageTest@2237bada</td></tr>
<tr>
<td title='com.demo.testcases.web.WebPrescriptionPageTest.verify_delete_icon_for_added_drugs()'><b>verify_delete_icon_for_added_drugs</b><br>Test class: com.demo.testcases.web.WebPrescriptionPageTest</td>
<td></td>
<td>0</td>
<td>com.demo.testcases.web.WebPrescriptionPageTest@12365c88</td></tr>
</table><p>
</body>
</html>