<?xml version="1.0" encoding="UTF-8"?>
<!-- Generated by org.testng.reporters.JUnitXMLReporter -->
<testsuite ignored="8" hostname="josh-Latitude-3410" failures="1" tests="19" name="Test Classes" time="215.186" errors="0" timestamp="2023-08-24T13:51:23 IST">
  <testcase classname="com.demo.testcases.web.WebCFDPageTest" name="appointment" time="7.332"/>
  <testcase classname="com.demo.testcases.web.WebCFDPageTest" name="verify_20_popular_diagnosis" time="0.917"/>
  <testcase classname="com.demo.testcases.web.WebCFDPageTest" name="add_cfd" time="11.768"/>
  <testcase classname="com.demo.testcases.web.WebPrescriptionPageTest" name="prescription_tab" time="12.177">
    <failure type="org.openqa.selenium.StaleElementReferenceException" message="stale element reference: element is not attached to the page document
  (Session info: chrome=111.0.5563.64)
For documentation on this error, please visit: https://www.selenium.dev/documentation/webdriver/troubleshooting/errors#stale-element-reference-exception
Build info: version: &amp;apos;4.11.0&amp;apos;, revision: &amp;apos;040bc5406b&amp;apos;
System info: os.name: &amp;apos;Linux&amp;apos;, os.arch: &amp;apos;amd64&amp;apos;, os.version: &amp;apos;5.14.0-1059-oem&amp;apos;, java.version: &amp;apos;17.0.5&amp;apos;
Driver info: org.openqa.selenium.chrome.ChromeDriver
Command: [dbda45b9e2137dcf0bcc0f866cc43dc9, getElementText {id=4431277e-ef7f-4253-a276-6af5073c6e6a}]
Capabilities {acceptInsecureCerts: false, browserName: chrome, browserVersion: 111.0.5563.64, chrome: {chromedriverVersion: 111.0.5563.64 (c710e93d5b63..., userDataDir: /tmp/.com.google.Chrome.Jcwb7D}, goog:chromeOptions: {debuggerAddress: localhost:42919}, networkConnectionEnabled: false, pageLoadStrategy: normal, platformName: linux, proxy: Proxy(), se:cdp: ws://localhost:42919/devtoo..., se:cdpVersion: 111.0.5563.64, setWindowRect: true, strictFileInteractability: false, timeouts: {implicit: 0, pageLoad: 300000, script: 30000}, unhandledPromptBehavior: dismiss and notify, webauthn:extension:credBlob: true, webauthn:extension:largeBlob: true, webauthn:extension:minPinLength: true, webauthn:extension:prf: true, webauthn:virtualAuthenticators: true}
Element: [[ChromeDriver: chrome on linux (dbda45b9e2137dcf0bcc0f866cc43dc9)] -&amp;gt; css selector: .nav.nav-tabs&amp;gt;li]
Session ID: dbda45b9e2137dcf0bcc0f866cc43dc9">
      <![CDATA[org.openqa.selenium.StaleElementReferenceException: stale element reference: element is not attached to the page document
  (Session info: chrome=111.0.5563.64)
For documentation on this error, please visit: https://www.selenium.dev/documentation/webdriver/troubleshooting/errors#stale-element-reference-exception
Build info: version: '4.11.0', revision: '040bc5406b'
System info: os.name: 'Linux', os.arch: 'amd64', os.version: '5.14.0-1059-oem', java.version: '17.0.5'
Driver info: org.openqa.selenium.chrome.ChromeDriver
Command: [dbda45b9e2137dcf0bcc0f866cc43dc9, getElementText {id=4431277e-ef7f-4253-a276-6af5073c6e6a}]
Capabilities {acceptInsecureCerts: false, browserName: chrome, browserVersion: 111.0.5563.64, chrome: {chromedriverVersion: 111.0.5563.64 (c710e93d5b63..., userDataDir: /tmp/.com.google.Chrome.Jcwb7D}, goog:chromeOptions: {debuggerAddress: localhost:42919}, networkConnectionEnabled: false, pageLoadStrategy: normal, platformName: linux, proxy: Proxy(), se:cdp: ws://localhost:42919/devtoo..., se:cdpVersion: 111.0.5563.64, setWindowRect: true, strictFileInteractability: false, timeouts: {implicit: 0, pageLoad: 300000, script: 30000}, unhandledPromptBehavior: dismiss and notify, webauthn:extension:credBlob: true, webauthn:extension:largeBlob: true, webauthn:extension:minPinLength: true, webauthn:extension:prf: true, webauthn:virtualAuthenticators: true}
Element: [[ChromeDriver: chrome on linux (dbda45b9e2137dcf0bcc0f866cc43dc9)] -> css selector: .nav.nav-tabs>li]
Session ID: dbda45b9e2137dcf0bcc0f866cc43dc9
at org.openqa.selenium.remote.codec.w3c.W3CHttpResponseCodec.createException(W3CHttpResponseCodec.java:200)
at org.openqa.selenium.remote.codec.w3c.W3CHttpResponseCodec.decode(W3CHttpResponseCodec.java:133)
at org.openqa.selenium.remote.codec.w3c.W3CHttpResponseCodec.decode(W3CHttpResponseCodec.java:52)
at org.openqa.selenium.remote.HttpCommandExecutor.execute(HttpCommandExecutor.java:191)
at org.openqa.selenium.remote.service.DriverCommandExecutor.invokeExecute(DriverCommandExecutor.java:196)
at org.openqa.selenium.remote.service.DriverCommandExecutor.execute(DriverCommandExecutor.java:171)
at org.openqa.selenium.remote.RemoteWebDriver.execute(RemoteWebDriver.java:518)
at org.openqa.selenium.remote.RemoteWebElement.execute(RemoteWebElement.java:224)
at org.openqa.selenium.remote.RemoteWebElement.getText(RemoteWebElement.java:192)
at com.demo.actions.web.CFDPage.open_prescription_tab(CFDPage.java:227)
at com.demo.testcases.web.WebPrescriptionPageTest.prescription_tab(WebPrescriptionPageTest.java:21)
at java.base/java.util.ArrayList.forEach(ArrayList.java:1511)
... Removed 32 stack frames]]>
    </failure>
  </testcase> <!-- prescription_tab -->
  <testcase classname="com.demo.testcases.web.WebPrescriptionPageTest" name="verify_20_popular_drugs" time="0.504"/>
  <testcase classname="com.demo.testcases.web.WebPrescriptionPageTest" name="add_drugs" time="64.095"/>
  <testcase classname="com.demo.testcases.web.WebPrescriptionPageTest" name="add_new_drug" time="47.189"/>
  <testcase classname="com.demo.testcases.web.WebPrescriptionPageTest" name="verify_delete_icon_for_added_drugs" time="0.025"/>
  <testcase classname="com.demo.testcases.web.WebPrescriptionPageTest" name="delete_all_added_drugs" time="0.075"/>
  <testcase classname="com.demo.testcases.web.WebInstructionsPageTest" name="instructions_tab" time="5.151"/>
  <testcase classname="com.demo.testcases.web.WebInstructionsPageTest" name="test_instruction_procedure" time="10.915"/>
  <testcase classname="com.demo.testcases.web.WebSummaryPageTest" name="summary_tab" time="23.198"/>
  <testcase classname="com.demo.testcases.web.WebSummaryPageTest" name="test_instruction_procedure" time="11.351"/>
  <testcase classname="com.demo.testcases.web.WebSummaryPageTest" name="add_drugs" time="0.1"/>
  <testcase classname="com.demo.testcases.web.WebSummaryPageTest" name="add_new_drug" time="0.088"/>
  <testcase classname="com.demo.testcases.web.WebSummaryPageTest" name="drugs_frequency" time="0.145"/>
  <testcase classname="com.demo.testcases.web.WebSummaryPageTest" name="add_cfd" time="0.09"/>
  <testcase classname="com.demo.testcases.web.WebSummaryPageTest" name="saved_record" time="7.425"/>
  <testcase classname="com.demo.testcases.web.WebSummaryPageTest" name="verify_record_is_printed" time="12.426"/>
  <testcase classname="com.demo.setup.BaseSelenium" name="@BeforeSuite webSetup" time="0.0">
    <ignored/>
  </testcase> <!-- @BeforeSuite webSetup -->
  <testcase classname="com.demo.setup.BaseSelenium" name="@BeforeSuite webSetup" time="0.0">
    <ignored/>
  </testcase> <!-- @BeforeSuite webSetup -->
  <testcase classname="com.demo.testcases.web.WebCFDPageTest" name="diagnosis_tab_delete_cfd" time="0.0">
    <ignored/>
  </testcase> <!-- diagnosis_tab_delete_cfd -->
  <testcase classname="com.demo.setup.BaseSelenium" name="@BeforeSuite webSetup" time="0.0">
    <ignored/>
  </testcase> <!-- @BeforeSuite webSetup -->
  <testcase classname="com.demo.setup.BaseSelenium" name="@AfterSuite tearDown" time="0.0">
    <ignored/>
  </testcase> <!-- @AfterSuite tearDown -->
  <testcase classname="com.demo.testcases.web.WebCFDPageTest" name="delete_added_popular_diagnosis" time="0.0">
    <ignored/>
  </testcase> <!-- delete_added_popular_diagnosis -->
  <testcase classname="com.demo.setup.BaseSelenium" name="@AfterSuite tearDown" time="0.0">
    <ignored/>
  </testcase> <!-- @AfterSuite tearDown -->
  <testcase classname="com.demo.setup.BaseSelenium" name="@AfterSuite tearDown" time="0.0">
    <ignored/>
  </testcase> <!-- @AfterSuite tearDown -->
</testsuite> <!-- Test Classes -->
